NS-CREATING NAMESPACE (session-ns)
AFTER MISSING CONTEXT (session-ns) aid:16 eid:16 tid:13 peid:16 active:null context:undefined resource:undefined
BEFORE MISSING CONTEXT (session-ns) aid:20 eid:20 tid:19 peid:20 active:null context:undefined resource:undefined
AFTER MISSING CONTEXT (session-ns) aid:20 eid:20 tid:19 peid:20 active:null context:undefined resource:undefined
BEFORE MISSING CONTEXT (session-ns) aid:24 eid:24 tid:16 peid:24 active:null context:undefined resource:undefined
AFTER MISSING CONTEXT (session-ns) aid:24 eid:24 tid:16 peid:24 active:null context:undefined resource:undefined
BEFORE MISSING CONTEXT (session-ns) aid:26 eid:26 tid:24 peid:26 active:null context:undefined resource:undefined
AFTER MISSING CONTEXT (session-ns) aid:26 eid:26 tid:24 peid:26 active:null context:undefined resource:undefined
DESTROY (session-ns) aid:16 eid:0 tid:0 peid:0 active:null context:{ [Function] skip: [Function], only: [Function] } resource:undefined
DESTROY (session-ns) aid:20 eid:0 tid:0 peid:0 active:null context:{ [Function] skip: [Function], only: [Function] } resource:undefined
DESTROY (session-ns) aid:24 eid:0 tid:0 peid:0 active:null context:{ [Function] skip: [Function], only: [Function] } resource:undefined
DESTROY (session-ns) aid:26 eid:0 tid:0 peid:0 active:null context:{ [Function] skip: [Function], only: [Function] } resource:undefined
BEFORE MISSING CONTEXT (session-ns) aid:23 eid:0 tid:0 peid:0 active:null context:undefined resource:undefined
AFTER MISSING CONTEXT (session-ns) aid:23 eid:0 tid:0 peid:0 active:null context:undefined resource:undefined
DESTROY (session-ns) aid:23 eid:0 tid:0 peid:0 active:null context:{ [Function] skip: [Function], only: [Function] } resource:undefined
INIT MISSING CONTEXT [TCPWRAP] (session-ns) aid:28 eid:0 tid:0 peid:0 active:null context:null resource:[object TCP]
BEFORE MISSING CONTEXT (session-ns) aid:19 eid:0 tid:0 peid:0 active:null context:undefined resource:undefined
AFTER MISSING CONTEXT (session-ns) aid:19 eid:0 tid:0 peid:0 active:null context:undefined resource:undefined
BEFORE MISSING CONTEXT (session-ns) aid:34 eid:34 tid:28 peid:34 active:null context:undefined resource:undefined
AFTER MISSING CONTEXT (session-ns) aid:34 eid:34 tid:28 peid:34 active:null context:undefined resource:undefined
BEFORE MISSING CONTEXT (session-ns) aid:27 eid:0 tid:0 peid:0 active:null context:undefined resource:undefined
AFTER MISSING CONTEXT (session-ns) aid:27 eid:0 tid:0 peid:0 active:null context:undefined resource:undefined
DESTROY (session-ns) aid:34 eid:0 tid:0 peid:0 active:null context:{ [Function] skip: [Function], only: [Function] } resource:undefined
DESTROY (session-ns) aid:27 eid:0 tid:0 peid:0 active:null context:{ [Function] skip: [Function], only: [Function] } resource:undefined
BEFORE MISSING CONTEXT (session-ns) aid:31 eid:0 tid:0 peid:0 active:null context:undefined resource:undefined
CONTEXT-CREATED Context: (session-ns) aid:null eid:31 tid:28 peid:0 active:null context:undefined resource:undefined
CONTEXT-ENTER: (session-ns) aid:null eid:31 tid:28 peid:31 active:null context:{ _ns_name: 'session-ns', id: 0 } resource:undefined
CONTEXT-RUN BEGIN: (session-ns) aid:null eid:31 tid:28 peid:31 active:{ _ns_name: 'session-ns', id: 0 } context:{ _ns_name: 'session-ns', id: 0 } resource:undefined
CONTEXT-SET (session-ns) KEY:key=1 aid:null eid:31 tid:28 peid:31 active:{ _ns_name: 'session-ns', id: 0, key: 1 } context:undefined resource:undefined
INIT [TickObject] (session-ns) aid:35 eid:31 tid:28 peid:31 active:{ _ns_name: 'session-ns', id: 0, key: 1 } context:null resource:[object Object]
CONTEXT-RUN END: (session-ns) aid:null eid:31 tid:28 peid:31 active:{ _ns_name: 'session-ns', id: 0, key: 1 } context:{ _ns_name: 'session-ns', id: 0, key: 1 } resource:undefined
CONTEXT-EXIT: (session-ns) aid:null eid:31 tid:28 peid:31 active:{ _ns_name: 'session-ns', id: 0, key: 1 } context:{ _ns_name: 'session-ns', id: 0, key: 1 } resource:undefined
AFTER MISSING CONTEXT (session-ns) aid:31 eid:0 tid:0 peid:0 active:null context:undefined resource:undefined
BEFORE MISSING CONTEXT (session-ns) aid:31 eid:0 tid:0 peid:0 active:null context:undefined resource:undefined
AFTER MISSING CONTEXT (session-ns) aid:31 eid:0 tid:0 peid:0 active:null context:undefined resource:undefined
BEFORE (session-ns) aid:35 eid:35 tid:31 peid:35 active:null context:{ _ns_name: 'session-ns', id: 0, key: 1 } resource:undefined
CONTEXT-ENTER: (session-ns) aid:null eid:35 tid:31 peid:35 active:null context:{ _ns_name: 'session-ns', id: 0, key: 1 } resource:undefined
------ Server: POST onData: A message from client
AFTER (session-ns) aid:35 eid:35 tid:31 peid:35 active:{ _ns_name: 'session-ns', id: 0, key: 1 } context:{ _ns_name: 'session-ns', id: 0, key: 1 } resource:undefined
CONTEXT-EXIT: (session-ns) aid:null eid:35 tid:31 peid:35 active:{ _ns_name: 'session-ns', id: 0, key: 1 } context:{ _ns_name: 'session-ns', id: 0, key: 1 } resource:undefined
BEFORE MISSING CONTEXT (session-ns) aid:31 eid:0 tid:0 peid:0 active:null context:undefined resource:undefined
AFTER MISSING CONTEXT (session-ns) aid:31 eid:0 tid:0 peid:0 active:null context:undefined resource:undefined
BEFORE MISSING CONTEXT (session-ns) aid:31 eid:0 tid:0 peid:0 active:null context:undefined resource:undefined
AFTER MISSING CONTEXT (session-ns) aid:31 eid:0 tid:0 peid:0 active:null context:undefined resource:undefined
BEFORE MISSING CONTEXT (session-ns) aid:36 eid:36 tid:31 peid:36 active:null context:undefined resource:undefined
CONTEXT-GETTING KEY NO ACTIVE NS: (session-ns) KEY:key aid:null eid:36 tid:31 peid:36 active:null context:undefined resource:undefined
CONTEXT-GETTING KEY NO ACTIVE NS: (session-ns) KEY:key aid:null eid:36 tid:31 peid:36 active:null context:undefined resource:undefined
------ Server: POST onEnd: key=undefined
CONTEXT-GETTING KEY NO ACTIVE NS: (session-ns) KEY:key aid:null eid:36 tid:31 peid:36 active:null context:undefined resource:undefined
AFTER MISSING CONTEXT (session-ns) aid:36 eid:36 tid:31 peid:36 active:null context:undefined resource:undefined
BEFORE MISSING CONTEXT (session-ns) aid:37 eid:37 tid:28 peid:37 active:null context:undefined resource:undefined
AFTER MISSING CONTEXT (session-ns) aid:37 eid:37 tid:28 peid:37 active:null context:undefined resource:undefined
BEFORE MISSING CONTEXT (session-ns) aid:38 eid:38 tid:36 peid:38 active:null context:undefined resource:undefined
AFTER MISSING CONTEXT (session-ns) aid:38 eid:38 tid:36 peid:38 active:null context:undefined resource:undefined
BEFORE MISSING CONTEXT (session-ns) aid:39 eid:39 tid:37 peid:39 active:null context:undefined resource:undefined
AFTER MISSING CONTEXT (session-ns) aid:39 eid:39 tid:37 peid:39 active:null context:undefined resource:undefined
DESTROY (session-ns) aid:35 eid:0 tid:0 peid:0 active:null context:{ [Function] skip: [Function], only: [Function] } resource:undefined
DESTROY (session-ns) aid:36 eid:0 tid:0 peid:0 active:null context:{ [Function] skip: [Function], only: [Function] } resource:undefined
DESTROY (session-ns) aid:37 eid:0 tid:0 peid:0 active:null context:{ [Function] skip: [Function], only: [Function] } resource:undefined
DESTROY (session-ns) aid:38 eid:0 tid:0 peid:0 active:null context:{ [Function] skip: [Function], only: [Function] } resource:undefined
DESTROY (session-ns) aid:39 eid:0 tid:0 peid:0 active:null context:{ [Function] skip: [Function], only: [Function] } resource:undefined
BEFORE MISSING CONTEXT (session-ns) aid:40 eid:0 tid:0 peid:0 active:null context:undefined resource:undefined
AFTER MISSING CONTEXT (session-ns) aid:40 eid:0 tid:0 peid:0 active:null context:undefined resource:undefined
BEFORE MISSING CONTEXT (session-ns) aid:41 eid:41 tid:40 peid:41 active:null context:undefined resource:undefined
AFTER MISSING CONTEXT (session-ns) aid:41 eid:41 tid:40 peid:41 active:null context:undefined resource:undefined
BEFORE MISSING CONTEXT (session-ns) aid:21 eid:0 tid:0 peid:0 active:null context:undefined resource:undefined
BEFORE MISSING CONTEXT (session-ns) aid:25 eid:21 tid:16 peid:21 active:null context:undefined resource:undefined
AFTER MISSING CONTEXT (session-ns) aid:25 eid:21 tid:16 peid:21 active:null context:undefined resource:undefined
BEFORE MISSING CONTEXT (session-ns) aid:25 eid:21 tid:16 peid:21 active:null context:undefined resource:undefined
AFTER MISSING CONTEXT (session-ns) aid:25 eid:21 tid:16 peid:21 active:null context:undefined resource:undefined
BEFORE MISSING CONTEXT (session-ns) aid:25 eid:21 tid:16 peid:21 active:null context:undefined resource:undefined
AFTER MISSING CONTEXT (session-ns) aid:25 eid:21 tid:16 peid:21 active:null context:undefined resource:undefined
AFTER MISSING CONTEXT (session-ns) aid:21 eid:0 tid:0 peid:0 active:null context:undefined resource:undefined
BEFORE MISSING CONTEXT (session-ns) aid:42 eid:42 tid:25 peid:42 active:null context:undefined resource:undefined
AFTER MISSING CONTEXT (session-ns) aid:42 eid:42 tid:25 peid:42 active:null context:undefined resource:undefined
BEFORE MISSING CONTEXT (session-ns) aid:43 eid:43 tid:25 peid:43 active:null context:undefined resource:undefined
AFTER MISSING CONTEXT (session-ns) aid:43 eid:43 tid:25 peid:43 active:null context:undefined resource:undefined
BEFORE MISSING CONTEXT (session-ns) aid:44 eid:44 tid:21 peid:44 active:null context:undefined resource:undefined
AFTER MISSING CONTEXT (session-ns) aid:44 eid:44 tid:21 peid:44 active:null context:undefined resource:undefined
BEFORE MISSING CONTEXT (session-ns) aid:45 eid:45 tid:42 peid:45 active:null context:undefined resource:undefined
AFTER MISSING CONTEXT (session-ns) aid:45 eid:45 tid:42 peid:45 active:null context:undefined resource:undefined
BEFORE MISSING CONTEXT (session-ns) aid:46 eid:46 tid:42 peid:46 active:null context:undefined resource:undefined
AFTER MISSING CONTEXT (session-ns) aid:46 eid:46 tid:42 peid:46 active:null context:undefined resource:undefined
BEFORE MISSING CONTEXT (session-ns) aid:47 eid:47 tid:42 peid:47 active:null context:undefined resource:undefined
AFTER MISSING CONTEXT (session-ns) aid:47 eid:47 tid:42 peid:47 active:null context:undefined resource:undefined
BEFORE MISSING CONTEXT (session-ns) aid:48 eid:48 tid:43 peid:48 active:null context:undefined resource:undefined
AFTER MISSING CONTEXT (session-ns) aid:48 eid:48 tid:43 peid:48 active:null context:undefined resource:undefined
BEFORE MISSING CONTEXT (session-ns) aid:49 eid:49 tid:45 peid:49 active:null context:undefined resource:undefined
AFTER MISSING CONTEXT (session-ns) aid:49 eid:49 tid:45 peid:49 active:null context:undefined resource:undefined
BEFORE MISSING CONTEXT (session-ns) aid:50 eid:50 tid:45 peid:50 active:null context:undefined resource:undefined
AFTER MISSING CONTEXT (session-ns) aid:50 eid:50 tid:45 peid:50 active:null context:undefined resource:undefined
DESTROY (session-ns) aid:29 eid:0 tid:0 peid:0 active:null context:{ [Function] skip: [Function], only: [Function] } resource:undefined
DESTROY (session-ns) aid:41 eid:0 tid:0 peid:0 active:null context:{ [Function] skip: [Function], only: [Function] } resource:undefined
DESTROY (session-ns) aid:40 eid:0 tid:0 peid:0 active:null context:{ [Function] skip: [Function], only: [Function] } resource:undefined
DESTROY (session-ns) aid:25 eid:0 tid:0 peid:0 active:null context:{ [Function] skip: [Function], only: [Function] } resource:undefined
DESTROY (session-ns) aid:42 eid:0 tid:0 peid:0 active:null context:{ [Function] skip: [Function], only: [Function] } resource:undefined
DESTROY (session-ns) aid:43 eid:0 tid:0 peid:0 active:null context:{ [Function] skip: [Function], only: [Function] } resource:undefined
DESTROY (session-ns) aid:44 eid:0 tid:0 peid:0 active:null context:{ [Function] skip: [Function], only: [Function] } resource:undefined
DESTROY (session-ns) aid:45 eid:0 tid:0 peid:0 active:null context:{ [Function] skip: [Function], only: [Function] } resource:undefined
DESTROY (session-ns) aid:17 eid:0 tid:0 peid:0 active:null context:{ [Function] skip: [Function], only: [Function] } resource:undefined
DESTROY (session-ns) aid:46 eid:0 tid:0 peid:0 active:null context:{ [Function] skip: [Function], only: [Function] } resource:undefined
DESTROY (session-ns) aid:47 eid:0 tid:0 peid:0 active:null context:{ [Function] skip: [Function], only: [Function] } resource:undefined
DESTROY (session-ns) aid:48 eid:0 tid:0 peid:0 active:null context:{ [Function] skip: [Function], only: [Function] } resource:undefined
DESTROY (session-ns) aid:49 eid:0 tid:0 peid:0 active:null context:{ [Function] skip: [Function], only: [Function] } resource:undefined
DESTROY (session-ns) aid:50 eid:0 tid:0 peid:0 active:null context:{ [Function] skip: [Function], only: [Function] } resource:undefined
BEFORE MISSING CONTEXT (session-ns) aid:51 eid:51 tid:45 peid:51 active:null context:undefined resource:undefined
AFTER MISSING CONTEXT (session-ns) aid:51 eid:51 tid:45 peid:51 active:null context:undefined resource:undefined
BEFORE MISSING CONTEXT (session-ns) aid:52 eid:0 tid:0 peid:0 active:null context:undefined resource:undefined
AFTER MISSING CONTEXT (session-ns) aid:52 eid:0 tid:0 peid:0 active:null context:undefined resource:undefined
BEFORE MISSING CONTEXT (session-ns) aid:54 eid:54 tid:52 peid:54 active:null context:undefined resource:undefined
AFTER MISSING CONTEXT (session-ns) aid:54 eid:54 tid:52 peid:54 active:null context:undefined resource:undefined
DESTROY (session-ns) aid:51 eid:0 tid:0 peid:0 active:null context:{ [Function] skip: [Function], only: [Function] } resource:undefined
DESTROY (session-ns) aid:54 eid:0 tid:0 peid:0 active:null context:{ [Function] skip: [Function], only: [Function] } resource:undefined
DESTROY (session-ns) aid:52 eid:0 tid:0 peid:0 active:null context:{ [Function] skip: [Function], only: [Function] } resource:undefined
DESTROY (session-ns) aid:18 eid:0 tid:0 peid:0 active:null context:{ [Function] skip: [Function], only: [Function] } resource:undefined
BEFORE MISSING CONTEXT (session-ns) aid:53 eid:53 tid:51 peid:53 active:null context:undefined resource:undefined
AFTER MISSING CONTEXT (session-ns) aid:53 eid:53 tid:51 peid:53 active:null context:undefined resource:undefined
BEFORE MISSING CONTEXT (session-ns) aid:28 eid:0 tid:0 peid:0 active:null context:undefined resource:undefined
AFTER MISSING CONTEXT (session-ns) aid:28 eid:0 tid:0 peid:0 active:null context:undefined resource:undefined
BEFORE MISSING CONTEXT (session-ns) aid:21 eid:0 tid:0 peid:0 active:null context:undefined resource:undefined
AFTER MISSING CONTEXT (session-ns) aid:21 eid:0 tid:0 peid:0 active:null context:undefined resource:undefined
DESTROY (session-ns) aid:53 eid:0 tid:0 peid:0 active:null context:{ [Function] skip: [Function], only: [Function] } resource:undefined
DESTROY (session-ns) aid:31 eid:0 tid:0 peid:0 active:null context:{ [Function] skip: [Function], only: [Function] } resource:undefined
DESTROY (session-ns) aid:28 eid:0 tid:0 peid:0 active:null context:{ [Function] skip: [Function], only: [Function] } resource:undefined
DESTROY (session-ns) aid:21 eid:0 tid:0 peid:0 active:null context:{ [Function] skip: [Function], only: [Function] } resource:undefined
BEFORE MISSING CONTEXT (session-ns) aid:55 eid:55 tid:53 peid:55 active:null context:undefined resource:undefined
AFTER MISSING CONTEXT (session-ns) aid:55 eid:55 tid:53 peid:55 active:null context:undefined resource:undefined
DESTROY (session-ns) aid:55 eid:0 tid:0 peid:0 active:null context:{ [Function] skip: [Function], only: [Function] } resource:undefined
BEFORE MISSING CONTEXT (session-ns) aid:56 eid:56 tid:55 peid:56 active:null context:undefined resource:undefined
AFTER MISSING CONTEXT (session-ns) aid:56 eid:56 tid:55 peid:56 active:null context:undefined resource:undefined
DESTROY (session-ns) aid:56 eid:0 tid:0 peid:0 active:null context:{ [Function] skip: [Function], only: [Function] } resource:undefined
BEFORE MISSING CONTEXT (session-ns) aid:57 eid:57 tid:56 peid:57 active:null context:undefined resource:undefined
AFTER MISSING CONTEXT (session-ns) aid:57 eid:57 tid:56 peid:57 active:null context:undefined resource:undefined
BEFORE MISSING CONTEXT (session-ns) aid:58 eid:58 tid:57 peid:58 active:null context:undefined resource:undefined
AFTER MISSING CONTEXT (session-ns) aid:58 eid:58 tid:57 peid:58 active:null context:undefined resource:undefined
BEFORE MISSING CONTEXT (session-ns) aid:59 eid:59 tid:57 peid:59 active:null context:undefined resource:undefined
AFTER MISSING CONTEXT (session-ns) aid:59 eid:59 tid:57 peid:59 active:null context:undefined resource:undefined
DESTROY (session-ns) aid:57 eid:0 tid:0 peid:0 active:null context:{ [Function] skip: [Function], only: [Function] } resource:undefined
DESTROY (session-ns) aid:58 eid:0 tid:0 peid:0 active:null context:{ [Function] skip: [Function], only: [Function] } resource:undefined
DESTROY (session-ns) aid:59 eid:0 tid:0 peid:0 active:null context:{ [Function] skip: [Function], only: 
AssertionError: expected spy to have been called with arguments 1
undefined 1 
    at Context.it (test\http-events36-post.test.js:62:37)
[Function] } resource:undefined
 resource:undefined
AFTER MISSING CONTEXT (session-ns) aid:60 eid:60 tid:57 peid:60 active:nullBEFORE MISSING CONTEXT (session-ns) aid:60 eid:60 tid:57 peid:60 active: context:nullundefined context: resource:undefined
undefinedBEFORE MISSING CONTEXT (session-ns) aid:61 eid:61 tid:60 peid:61 active:null context:undefined resource:undefined
AFTER MISSING CONTEXT (session-ns) aid:61 eid:61 tid:60 peid:61 active:null context:undefined resource:undefined
