"C:\Program Files\nodejs\node.exe" C:\projects\Jeff-Lewis\cls-hooked\node_modules\mocha\bin\_mocha --ui bdd --reporter C:\Users\acrad\AppData\Local\JetBrains\Toolbox\apps\WebStorm\ch-0\181.4203.498\plugins\NodeJS\js\mocha-intellij\lib\mochaIntellijReporter.js C:\projects\Jeff-Lewis\cls-hooked\test\net-events.test.js
NS-CREATING NAMESPACE (net)
BEFORE MISSING CONTEXT (net) asyncId:6 currentUid:6 triggerId:1 active:null namespace._contexts:Map {}
AFTER MISSING CONTEXT (net) asyncId:6 currentUid:6 triggerId:1 active:null context:undefined
BEFORE MISSING CONTEXT (net) asyncId:8 currentUid:8 triggerId:1 active:null namespace._contexts:Map {}
AFTER MISSING CONTEXT (net) asyncId:8 currentUid:8 triggerId:1 active:null context:undefined
BEFORE MISSING CONTEXT (net) asyncId:10 currentUid:10 triggerId:1 active:null namespace._contexts:Map {}
AFTER MISSING CONTEXT (net) asyncId:10 currentUid:10 triggerId:1 active:null context:undefined
BEFORE MISSING CONTEXT (net) asyncId:12 currentUid:12 triggerId:1 active:null namespace._contexts:Map {}
AFTER MISSING CONTEXT (net) asyncId:12 currentUid:12 triggerId:1 active:null context:undefined
BEFORE MISSING CONTEXT (net) asyncId:14 currentUid:14 triggerId:1 active:null namespace._contexts:Map {}
AFTER MISSING CONTEXT (net) asyncId:14 currentUid:14 triggerId:1 active:null context:undefined
BEFORE MISSING CONTEXT (net) asyncId:16 currentUid:16 triggerId:1 active:null namespace._contexts:Map {}
AFTER MISSING CONTEXT (net) asyncId:16 currentUid:16 triggerId:1 active:null context:undefined
BEFORE MISSING CONTEXT (net) asyncId:18 currentUid:18 triggerId:1 active:null namespace._contexts:Map {}
AFTER MISSING CONTEXT (net) asyncId:18 currentUid:18 triggerId:1 active:null context:undefined
BEFORE MISSING CONTEXT (net) asyncId:20 currentUid:20 triggerId:1 active:null namespace._contexts:Map {}
AFTER MISSING CONTEXT (net) asyncId:20 currentUid:20 triggerId:1 active:null context:undefined
DESTROY (net) currentUid:0 asyncId:6 triggerId:0 active:null context:undefined
DESTROY (net) currentUid:0 asyncId:8 triggerId:0 active:null context:undefined
DESTROY (net) currentUid:0 asyncId:10 triggerId:0 active:null context:undefined
DESTROY (net) currentUid:0 asyncId:12 triggerId:0 active:null context:undefined
DESTROY (net) currentUid:0 asyncId:14 triggerId:0 active:null context:undefined
DESTROY (net) currentUid:0 asyncId:16 triggerId:0 active:null context:undefined
DESTROY (net) currentUid:0 asyncId:18 triggerId:0 active:null context:undefined
DESTROY (net) currentUid:0 asyncId:20 triggerId:0 active:null context:undefined
BEFORE MISSING CONTEXT (net) asyncId:21 currentUid:21 triggerId:1 active:null namespace._contexts:Map {}
AFTER MISSING CONTEXT (net) asyncId:21 currentUid:21 triggerId:1 active:null context:undefined
BEFORE MISSING CONTEXT (net) asyncId:24 currentUid:24 triggerId:21 active:null namespace._contexts:Map {}
AFTER MISSING CONTEXT (net) asyncId:24 currentUid:24 triggerId:21 active:null context:undefined
DESTROY (net) currentUid:0 asyncId:21 triggerId:0 active:null context:undefined
DESTROY (net) currentUid:0 asyncId:24 triggerId:0 active:null context:undefined
BEFORE MISSING CONTEXT (net) asyncId:5 currentUid:0 triggerId:0 active:null namespace._contexts:Map {}
AFTER MISSING CONTEXT (net) asyncId:5 currentUid:0 triggerId:0 active:null context:undefined
BEFORE MISSING CONTEXT (net) asyncId:7 currentUid:0 triggerId:0 active:null namespace._contexts:Map {}
AFTER MISSING CONTEXT (net) asyncId:7 currentUid:0 triggerId:0 active:null context:undefined
BEFORE MISSING CONTEXT (net) asyncId:9 currentUid:0 triggerId:0 active:null namespace._contexts:Map {}
AFTER MISSING CONTEXT (net) asyncId:9 currentUid:0 triggerId:0 active:null context:undefined
BEFORE MISSING CONTEXT (net) asyncId:11 currentUid:0 triggerId:0 active:null namespace._contexts:Map {}
AFTER MISSING CONTEXT (net) asyncId:11 currentUid:0 triggerId:0 active:null context:undefined
BEFORE MISSING CONTEXT (net) asyncId:13 currentUid:0 triggerId:0 active:null namespace._contexts:Map {}
AFTER MISSING CONTEXT (net) asyncId:13 currentUid:0 triggerId:0 active:null context:undefined
BEFORE MISSING CONTEXT (net) asyncId:15 currentUid:0 triggerId:0 active:null namespace._contexts:Map {}
AFTER MISSING CONTEXT (net) asyncId:15 currentUid:0 triggerId:0 active:null context:undefined
BEFORE MISSING CONTEXT (net) asyncId:17 currentUid:0 triggerId:0 active:null namespace._contexts:Map {}
AFTER MISSING CONTEXT (net) asyncId:17 currentUid:0 triggerId:0 active:null context:undefined
BEFORE MISSING CONTEXT (net) asyncId:19 currentUid:0 triggerId:0 active:null namespace._contexts:Map {}
AFTER MISSING CONTEXT (net) asyncId:19 currentUid:0 triggerId:0 active:null context:undefined
BEFORE MISSING CONTEXT (net) asyncId:25 currentUid:25 triggerId:21 active:null namespace._contexts:Map {}
  CONTEXT-CREATED Context: (net) currentUid:25 triggerId:21 asyncHooksCurrentId:25 len:0 context:{ _ns_name: 'net', id: 25 }
  CONTEXT-ENTER: (net) currentUid:25 triggerId:21 asyncHooksCurrentId:25 len:0 { _ns_name: 'net', id: 25 }
  CONTEXT-RUN BEGIN: (net) currentUid:25 triggerId:21 asyncHooksCurrentId:25 len:1 context:{ _ns_name: 'net', id: 25 }
  CONTEXT-SET KEY:test=originalValue in ns:net currentUid:25 active:{ _ns_name: 'net', id: 25, test: 'originalValue' }
  CONTEXT-CREATED Context: (net) currentUid:25 triggerId:21 asyncHooksCurrentId:25 len:1 context:{ _ns_name: 'net', id: 25 }
  CONTEXT-ENTER: (net) currentUid:25 triggerId:21 asyncHooksCurrentId:25 len:1 { _ns_name: 'net', id: 25 }
  CONTEXT-RUN BEGIN: (net) currentUid:25 triggerId:21 asyncHooksCurrentId:25 len:2 context:{ _ns_name: 'net', id: 25 }
  CONTEXT-SET KEY:test=newContextValue in ns:net currentUid:25 active:{ _ns_name: 'net', id: 25, test: 'newContextValue' }
  INIT [TCPWRAP] (net) asyncId:28 currentUid:25 triggerId:25 active:{ _ns_name: 'net', id: 25, test: 'newContextValue' } resource:[object TCP]
  INIT [TickObject] (net) asyncId:29 currentUid:25 triggerId:28 active:{ _ns_name: 'net', id: 25, test: 'newContextValue' } resource:[object Object]
  CONTEXT-RUN END: (net) currentUid:25 triggerId:21 asyncHooksCurrentId:25 len:2 { _ns_name: 'net', id: 25, test: 'newContextValue' }
  CONTEXT-EXIT: (net) currentUid:25 triggerId:21 asyncHooksCurrentId:25 len:2 { _ns_name: 'net', id: 25, test: 'newContextValue' }
  CONTEXT-RUN END: (net) currentUid:25 triggerId:21 asyncHooksCurrentId:25 len:1 { _ns_name: 'net', id: 25, test: 'originalValue' }
  CONTEXT-EXIT: (net) currentUid:25 triggerId:21 asyncHooksCurrentId:25 len:1 { _ns_name: 'net', id: 25, test: 'originalValue' }
AFTER MISSING CONTEXT (net) asyncId:25 currentUid:25 triggerId:21 active:null context:undefined
BEFORE (net) asyncId:29 currentUid:29 triggerId:28 active:null context:{ _ns_name: 'net', id: 25, test: 'newContextValue' }
  CONTEXT-ENTER: (net) currentUid:29 triggerId:28 asyncHooksCurrentId:29 len:0 { _ns_name: 'net', id: 25, test: 'newContextValue' }
  CONTEXT-CREATED Context: (net) currentUid:29 triggerId:28 asyncHooksCurrentId:29 len:1 context:{ _ns_name: 'net', id: 29 }
  CONTEXT-ENTER: (net) currentUid:29 triggerId:28 asyncHooksCurrentId:29 len:1 { _ns_name: 'net', id: 29 }
  CONTEXT-RUN BEGIN: (net) currentUid:29 triggerId:28 asyncHooksCurrentId:29 len:2 context:{ _ns_name: 'net', id: 29 }
  CONTEXT-SET KEY:test=MONKEY in ns:net currentUid:29 active:{ _ns_name: 'net', id: 29, test: 'MONKEY' }
  INIT [TCPWRAP] (net) asyncId:30 currentUid:29 triggerId:29 active:{ _ns_name: 'net', id: 29, test: 'MONKEY' } resource:[object TCP]
  INIT [GETADDRINFOREQWRAP] (net) asyncId:31 currentUid:29 triggerId:30 active:{ _ns_name: 'net', id: 29, test: 'MONKEY' } resource:[object GetAddrInfoReqWrap]
  CONTEXT-RUN END: (net) currentUid:29 triggerId:28 asyncHooksCurrentId:29 len:2 { _ns_name: 'net', id: 29, test: 'MONKEY' }
  CONTEXT-EXIT: (net) currentUid:29 triggerId:28 asyncHooksCurrentId:29 len:2 { _ns_name: 'net', id: 29, test: 'MONKEY' }
AFTER (net) asyncId:29 currentUid:29 triggerId:28 active:{ _ns_name: 'net', id: 25, test: 'newContextValue' } context:{ _ns_name: 'net', id: 25, test: 'newContextValue' }
CONTEXT-EXIT: (net) currentUid:29 triggerId:28 asyncHooksCurrentId:29 len:1 { _ns_name: 'net', id: 25, test: 'newContextValue' }
DESTROY (net) currentUid:0 asyncId:5 triggerId:0 active:null context:undefined
DESTROY (net) currentUid:0 asyncId:7 triggerId:0 active:null context:undefined
DESTROY (net) currentUid:0 asyncId:9 triggerId:0 active:null context:undefined
DESTROY (net) currentUid:0 asyncId:11 triggerId:0 active:null context:undefined
DESTROY (net) currentUid:0 asyncId:13 triggerId:0 active:null context:undefined
DESTROY (net) currentUid:0 asyncId:15 triggerId:0 active:null context:undefined
DESTROY (net) currentUid:0 asyncId:17 triggerId:0 active:null context:undefined
DESTROY (net) currentUid:0 asyncId:19 triggerId:0 active:null context:undefined
DESTROY (net) currentUid:0 asyncId:25 triggerId:0 active:null context:undefined
DESTROY (net) currentUid:0 asyncId:29 triggerId:0 active:null context:undefined
BEFORE MISSING CONTEXT (net) asyncId:23 currentUid:0 triggerId:0 active:null namespace._contexts:Map {
  28 => { _ns_name: 'net', id: 25, test: 'newContextValue' },
  30 => { _ns_name: 'net', id: 29, test: 'MONKEY' },
  31 => { _ns_name: 'net', id: 29, test: 'MONKEY' },
  [size]: 3 }
AFTER MISSING CONTEXT (net) asyncId:23 currentUid:0 triggerId:0 active:null context:undefined
DESTROY (net) currentUid:0 asyncId:23 triggerId:0 active:null context:undefined
BEFORE (net) asyncId:31 currentUid:0 triggerId:0 active:null context:{ _ns_name: 'net', id: 29, test: 'MONKEY' }
  CONTEXT-ENTER: (net) currentUid:0 triggerId:0 asyncHooksCurrentId:0 len:0 { _ns_name: 'net', id: 29, test: 'MONKEY' }
  INIT [TCPCONNECTWRAP] (net) asyncId:32 currentUid:31 triggerId:30 active:{ _ns_name: 'net', id: 29, test: 'MONKEY' } resource:[object TCPConnectWrap]
AFTER (net) asyncId:31 currentUid:0 triggerId:0 active:{ _ns_name: 'net', id: 29, test: 'MONKEY' } context:{ _ns_name: 'net', id: 29, test: 'MONKEY' }
CONTEXT-EXIT: (net) currentUid:0 triggerId:0 asyncHooksCurrentId:0 len:1 { _ns_name: 'net', id: 29, test: 'MONKEY' }
DESTROY (net) currentUid:0 asyncId:31 triggerId:0 active:null context:undefined
INIT USING CONTEXT FROM TRIGGERID [TCPWRAP] (net) asyncId:33 currentUid:0 triggerId:28 active:null resource:[object TCP]
BEFORE (net) asyncId:28 currentUid:0 triggerId:0 active:null context:{ _ns_name: 'net', id: 25, test: 'newContextValue' }
  CONTEXT-ENTER: (net) currentUid:0 triggerId:0 asyncHooksCurrentId:0 len:0 { _ns_name: 'net', id: 25, test: 'newContextValue' }
  CONTEXT-GETTING KEY:test=newContextValue (net) currentUid:0 active:{ _ns_name: 'net', id: 25, test: 'newContextValue' }
  CONTEXT-GETTING KEY: (net) test=newContextValue currentUid:0 triggerId:25 asyncHooksCurrentId:28 len:1 active:{ _ns_name: 'net', id: 25, test: 'newContextValue' }
  INIT [TickObject] (net) asyncId:34 currentUid:28 triggerId:28 active:{ _ns_name: 'net', id: 25, test: 'newContextValue' } resource:[object Object]
AFTER (net) asyncId:28 currentUid:0 triggerId:0 active:{ _ns_name: 'net', id: 25, test: 'newContextValue' } context:{ _ns_name: 'net', id: 25, test: 'newContextValue' }
CONTEXT-EXIT: (net) currentUid:0 triggerId:0 asyncHooksCurrentId:0 len:1 { _ns_name: 'net', id: 25, test: 'newContextValue' }
BEFORE (net) asyncId:34 currentUid:34 triggerId:28 active:null context:{ _ns_name: 'net', id: 25, test: 'newContextValue' }
  CONTEXT-ENTER: (net) currentUid:34 triggerId:28 asyncHooksCurrentId:34 len:0 { _ns_name: 'net', id: 25, test: 'newContextValue' }
AFTER (net) asyncId:34 currentUid:34 triggerId:28 active:{ _ns_name: 'net', id: 25, test: 'newContextValue' } context:{ _ns_name: 'net', id: 25, test: 'newContextValue' }
CONTEXT-EXIT: (net) currentUid:34 triggerId:28 asyncHooksCurrentId:34 len:1 { _ns_name: 'net', id: 25, test: 'newContextValue' }
BEFORE (net) asyncId:32 currentUid:0 triggerId:0 active:null context:{ _ns_name: 'net', id: 29, test: 'MONKEY' }
  CONTEXT-ENTER: (net) currentUid:0 triggerId:0 asyncHooksCurrentId:0 len:0 { _ns_name: 'net', id: 29, test: 'MONKEY' }
  CONTEXT-GETTING KEY:test=MONKEY (net) currentUid:0 active:{ _ns_name: 'net', id: 29, test: 'MONKEY' }
  CONTEXT-GETTING KEY: (net) test=MONKEY currentUid:0 triggerId:30 asyncHooksCurrentId:32 len:1 active:{ _ns_name: 'net', id: 29, test: 'MONKEY' }
  INIT [TickObject] (net) asyncId:35 currentUid:32 triggerId:32 active:{ _ns_name: 'net', id: 29, test: 'MONKEY' } resource:[object Object]
  INIT [TickObject] (net) asyncId:36 currentUid:32 triggerId:32 active:{ _ns_name: 'net', id: 29, test: 'MONKEY' } resource:[object Object]
AFTER (net) asyncId:32 currentUid:0 triggerId:0 active:{ _ns_name: 'net', id: 29, test: 'MONKEY' } context:{ _ns_name: 'net', id: 29, test: 'MONKEY' }
CONTEXT-EXIT: (net) currentUid:0 triggerId:0 asyncHooksCurrentId:0 len:1 { _ns_name: 'net', id: 29, test: 'MONKEY' }
BEFORE (net) asyncId:35 currentUid:35 triggerId:32 active:null context:{ _ns_name: 'net', id: 29, test: 'MONKEY' }
  CONTEXT-ENTER: (net) currentUid:35 triggerId:32 asyncHooksCurrentId:35 len:0 { _ns_name: 'net', id: 29, test: 'MONKEY' }
AFTER (net) asyncId:35 currentUid:35 triggerId:32 active:{ _ns_name: 'net', id: 29, test: 'MONKEY' } context:{ _ns_name: 'net', id: 29, test: 'MONKEY' }
CONTEXT-EXIT: (net) currentUid:35 triggerId:32 asyncHooksCurrentId:35 len:1 { _ns_name: 'net', id: 29, test: 'MONKEY' }
BEFORE (net) asyncId:36 currentUid:36 triggerId:32 active:null context:{ _ns_name: 'net', id: 29, test: 'MONKEY' }
  CONTEXT-ENTER: (net) currentUid:36 triggerId:32 asyncHooksCurrentId:36 len:0 { _ns_name: 'net', id: 29, test: 'MONKEY' }
AFTER (net) asyncId:36 currentUid:36 triggerId:32 active:{ _ns_name: 'net', id: 29, test: 'MONKEY' } context:{ _ns_name: 'net', id: 29, test: 'MONKEY' }
CONTEXT-EXIT: (net) currentUid:36 triggerId:32 asyncHooksCurrentId:36 len:1 { _ns_name: 'net', id: 29, test: 'MONKEY' }
DESTROY (net) currentUid:0 asyncId:34 triggerId:0 active:null context:undefined
DESTROY (net) currentUid:0 asyncId:35 triggerId:0 active:null context:undefined
DESTROY (net) currentUid:0 asyncId:36 triggerId:0 active:null context:undefined
DESTROY (net) currentUid:0 asyncId:32 triggerId:0 active:null context:undefined
BEFORE (net) asyncId:33 currentUid:0 triggerId:0 active:null context:{ _ns_name: 'net', id: 25, test: 'newContextValue' }
  CONTEXT-ENTER: (net) currentUid:0 triggerId:0 asyncHooksCurrentId:0 len:0 { _ns_name: 'net', id: 25, test: 'newContextValue' }
  CONTEXT-GETTING KEY:test=newContextValue (net) currentUid:0 active:{ _ns_name: 'net', id: 25, test: 'newContextValue' }
  CONTEXT-GETTING KEY: (net) test=newContextValue currentUid:0 triggerId:28 asyncHooksCurrentId:33 len:1 active:{ _ns_name: 'net', id: 25, test: 'newContextValue' }
  INIT [TickObject] (net) asyncId:37 currentUid:33 triggerId:33 active:{ _ns_name: 'net', id: 25, test: 'newContextValue' } resource:[object Object]
  INIT [TickObject] (net) asyncId:38 currentUid:33 triggerId:33 active:{ _ns_name: 'net', id: 25, test: 'newContextValue' } resource:[object Object]
AFTER (net) asyncId:33 currentUid:0 triggerId:0 active:{ _ns_name: 'net', id: 25, test: 'newContextValue' } context:{ _ns_name: 'net', id: 25, test: 'newContextValue' }
CONTEXT-EXIT: (net) currentUid:0 triggerId:0 asyncHooksCurrentId:0 len:1 { _ns_name: 'net', id: 25, test: 'newContextValue' }
BEFORE (net) asyncId:37 currentUid:37 triggerId:33 active:null context:{ _ns_name: 'net', id: 25, test: 'newContextValue' }
  CONTEXT-ENTER: (net) currentUid:37 triggerId:33 asyncHooksCurrentId:37 len:0 { _ns_name: 'net', id: 25, test: 'newContextValue' }
  INIT [SHUTDOWNWRAP] (net) asyncId:39 currentUid:37 triggerId:33 active:{ _ns_name: 'net', id: 25, test: 'newContextValue' } resource:[object ShutdownWrap]
AFTER (net) asyncId:37 currentUid:37 triggerId:33 active:{ _ns_name: 'net', id: 25, test: 'newContextValue' } context:{ _ns_name: 'net', id: 25, test: 'newContextValue' }
CONTEXT-EXIT: (net) currentUid:37 triggerId:33 asyncHooksCurrentId:37 len:1 { _ns_name: 'net', id: 25, test: 'newContextValue' }
BEFORE (net) asyncId:38 currentUid:38 triggerId:33 active:null context:{ _ns_name: 'net', id: 25, test: 'newContextValue' }
  CONTEXT-ENTER: (net) currentUid:38 triggerId:33 asyncHooksCurrentId:38 len:0 { _ns_name: 'net', id: 25, test: 'newContextValue' }
AFTER (net) asyncId:38 currentUid:38 triggerId:33 active:{ _ns_name: 'net', id: 25, test: 'newContextValue' } context:{ _ns_name: 'net', id: 25, test: 'newContextValue' }
CONTEXT-EXIT: (net) currentUid:38 triggerId:33 asyncHooksCurrentId:38 len:1 { _ns_name: 'net', id: 25, test: 'newContextValue' }
BEFORE (net) asyncId:39 currentUid:0 triggerId:0 active:null context:{ _ns_name: 'net', id: 25, test: 'newContextValue' }
  CONTEXT-ENTER: (net) currentUid:0 triggerId:0 asyncHooksCurrentId:0 len:0 { _ns_name: 'net', id: 25, test: 'newContextValue' }
AFTER (net) asyncId:39 currentUid:0 triggerId:0 active:{ _ns_name: 'net', id: 25, test: 'newContextValue' } context:{ _ns_name: 'net', id: 25, test: 'newContextValue' }
CONTEXT-EXIT: (net) currentUid:0 triggerId:0 asyncHooksCurrentId:0 len:1 { _ns_name: 'net', id: 25, test: 'newContextValue' }
DESTROY (net) currentUid:0 asyncId:37 triggerId:0 active:null context:undefined
DESTROY (net) currentUid:0 asyncId:38 triggerId:0 active:null context:undefined
DESTROY (net) currentUid:0 asyncId:39 triggerId:0 active:null context:undefined
BEFORE (net) asyncId:30 currentUid:0 triggerId:0 active:null context:{ _ns_name: 'net', id: 29, test: 'MONKEY' }
  CONTEXT-ENTER: (net) currentUid:0 triggerId:0 asyncHooksCurrentId:0 len:0 { _ns_name: 'net', id: 29, test: 'MONKEY' }
  CONTEXT-GETTING KEY:test=MONKEY (net) currentUid:0 active:{ _ns_name: 'net', id: 29, test: 'MONKEY' }
  CONTEXT-GETTING KEY: (net) test=MONKEY currentUid:0 triggerId:29 asyncHooksCurrentId:30 len:1 active:{ _ns_name: 'net', id: 29, test: 'MONKEY' }
  INIT [WRITEWRAP] (net) asyncId:40 currentUid:30 triggerId:3 active:{ _ns_name: 'net', id: 29, test: 'MONKEY' } resource:[object WriteWrap]
  INIT [TickObject] (net) asyncId:41 currentUid:30 triggerId:30 active:{ _ns_name: 'net', id: 29, test: 'MONKEY' } resource:[object Object]
  INIT [Immediate] (net) asyncId:42 currentUid:30 triggerId:30 active:{ _ns_name: 'net', id: 29, test: 'MONKEY' } resource:[object Object]
  INIT [TickObject] (net) asyncId:43 currentUid:30 triggerId:30 active:{ _ns_name: 'net', id: 29, test: 'MONKEY' } resource:[object Object]
AFTER (net) asyncId:30 currentUid:0 triggerId:0 active:{ _ns_name: 'net', id: 29, test: 'MONKEY' } context:{ _ns_name: 'net', id: 29, test: 'MONKEY' }
CONTEXT-EXIT: (net) currentUid:0 triggerId:0 asyncHooksCurrentId:0 len:1 { _ns_name: 'net', id: 29, test: 'MONKEY' }
BEFORE (net) asyncId:41 currentUid:41 triggerId:30 active:null context:{ _ns_name: 'net', id: 29, test: 'MONKEY' }
  CONTEXT-ENTER: (net) currentUid:41 triggerId:30 asyncHooksCurrentId:41 len:0 { _ns_name: 'net', id: 29, test: 'MONKEY' }
AFTER (net) asyncId:41 currentUid:41 triggerId:30 active:{ _ns_name: 'net', id: 29, test: 'MONKEY' } context:{ _ns_name: 'net', id: 29, test: 'MONKEY' }
CONTEXT-EXIT: (net) currentUid:41 triggerId:30 asyncHooksCurrentId:41 len:1 { _ns_name: 'net', id: 29, test: 'MONKEY' }
BEFORE (net) asyncId:43 currentUid:43 triggerId:30 active:null context:{ _ns_name: 'net', id: 29, test: 'MONKEY' }
  CONTEXT-ENTER: (net) currentUid:43 triggerId:30 asyncHooksCurrentId:43 len:0 { _ns_name: 'net', id: 29, test: 'MONKEY' }
AFTER (net) asyncId:43 currentUid:43 triggerId:30 active:{ _ns_name: 'net', id: 29, test: 'MONKEY' } context:{ _ns_name: 'net', id: 29, test: 'MONKEY' }
CONTEXT-EXIT: (net) currentUid:43 triggerId:30 asyncHooksCurrentId:43 len:1 { _ns_name: 'net', id: 29, test: 'MONKEY' }
BEFORE (net) asyncId:42 currentUid:42 triggerId:30 active:null context:{ _ns_name: 'net', id: 29, test: 'MONKEY' }
  CONTEXT-ENTER: (net) currentUid:42 triggerId:30 asyncHooksCurrentId:42 len:0 { _ns_name: 'net', id: 29, test: 'MONKEY' }
  INIT [Immediate] (net) asyncId:44 currentUid:42 triggerId:42 active:{ _ns_name: 'net', id: 29, test: 'MONKEY' } resource:[object Object]
AFTER (net) asyncId:42 currentUid:42 triggerId:30 active:{ _ns_name: 'net', id: 29, test: 'MONKEY' } context:{ _ns_name: 'net', id: 29, test: 'MONKEY' }
CONTEXT-EXIT: (net) currentUid:42 triggerId:30 asyncHooksCurrentId:42 len:1 { _ns_name: 'net', id: 29, test: 'MONKEY' }
DESTROY (net) currentUid:0 asyncId:26 triggerId:0 active:null context:undefined
DESTROY (net) currentUid:0 asyncId:41 triggerId:0 active:null context:undefined
DESTROY (net) currentUid:0 asyncId:43 triggerId:0 active:null context:undefined
DESTROY (net) currentUid:0 asyncId:42 triggerId:0 active:null context:undefined
DESTROY (net) currentUid:0 asyncId:27 triggerId:0 active:null context:undefined
DESTROY (net) currentUid:0 asyncId:28 triggerId:0 active:null context:undefined
BEFORE (net) asyncId:30 currentUid:0 triggerId:0 active:null context:{ _ns_name: 'net', id: 29, test: 'MONKEY' }
  CONTEXT-ENTER: (net) currentUid:0 triggerId:0 asyncHooksCurrentId:0 len:0 { _ns_name: 'net', id: 29, test: 'MONKEY' }
  INIT [TickObject] (net) asyncId:45 currentUid:30 triggerId:30 active:{ _ns_name: 'net', id: 29, test: 'MONKEY' } resource:[object Object]
  INIT [TickObject] (net) asyncId:46 currentUid:30 triggerId:30 active:{ _ns_name: 'net', id: 29, test: 'MONKEY' } resource:[object Object]
AFTER (net) asyncId:30 currentUid:0 triggerId:0 active:{ _ns_name: 'net', id: 29, test: 'MONKEY' } context:{ _ns_name: 'net', id: 29, test: 'MONKEY' }
CONTEXT-EXIT: (net) currentUid:0 triggerId:0 asyncHooksCurrentId:0 len:1 { _ns_name: 'net', id: 29, test: 'MONKEY' }
BEFORE (net) asyncId:45 currentUid:45 triggerId:30 active:null context:{ _ns_name: 'net', id: 29, test: 'MONKEY' }
  CONTEXT-ENTER: (net) currentUid:45 triggerId:30 asyncHooksCurrentId:45 len:0 { _ns_name: 'net', id: 29, test: 'MONKEY' }
AFTER (net) asyncId:45 currentUid:45 triggerId:30 active:{ _ns_name: 'net', id: 29, test: 'MONKEY' } context:{ _ns_name: 'net', id: 29, test: 'MONKEY' }
CONTEXT-EXIT: (net) currentUid:45 triggerId:30 asyncHooksCurrentId:45 len:1 { _ns_name: 'net', id: 29, test: 'MONKEY' }
BEFORE (net) asyncId:46 currentUid:46 triggerId:30 active:null context:{ _ns_name: 'net', id: 29, test: 'MONKEY' }
  CONTEXT-ENTER: (net) currentUid:46 triggerId:30 asyncHooksCurrentId:46 len:0 { _ns_name: 'net', id: 29, test: 'MONKEY' }
AFTER (net) asyncId:46 currentUid:46 triggerId:30 active:{ _ns_name: 'net', id: 29, test: 'MONKEY' } context:{ _ns_name: 'net', id: 29, test: 'MONKEY' }
CONTEXT-EXIT: (net) currentUid:46 triggerId:30 asyncHooksCurrentId:46 len:1 { _ns_name: 'net', id: 29, test: 'MONKEY' }
BEFORE (net) asyncId:40 currentUid:0 triggerId:0 active:null context:{ _ns_name: 'net', id: 29, test: 'MONKEY' }
  CONTEXT-ENTER: (net) currentUid:0 triggerId:0 asyncHooksCurrentId:0 len:0 { _ns_name: 'net', id: 29, test: 'MONKEY' }
AFTER (net) asyncId:40 currentUid:0 triggerId:0 active:{ _ns_name: 'net', id: 29, test: 'MONKEY' } context:{ _ns_name: 'net', id: 29, test: 'MONKEY' }
CONTEXT-EXIT: (net) currentUid:0 triggerId:0 asyncHooksCurrentId:0 len:1 { _ns_name: 'net', id: 29, test: 'MONKEY' }
BEFORE (net) asyncId:44 currentUid:44 triggerId:42 active:null context:{ _ns_name: 'net', id: 29, test: 'MONKEY' }
  CONTEXT-ENTER: (net) currentUid:44 triggerId:42 asyncHooksCurrentId:44 len:0 { _ns_name: 'net', id: 29, test: 'MONKEY' }
  INIT [Immediate] (net) asyncId:47 currentUid:44 triggerId:44 active:{ _ns_name: 'net', id: 29, test: 'MONKEY' } resource:[object Object]
AFTER (net) asyncId:44 currentUid:44 triggerId:42 active:{ _ns_name: 'net', id: 29, test: 'MONKEY' } context:{ _ns_name: 'net', id: 29, test: 'MONKEY' }
CONTEXT-EXIT: (net) currentUid:44 triggerId:42 asyncHooksCurrentId:44 len:1 { _ns_name: 'net', id: 29, test: 'MONKEY' }
BEFORE (net) asyncId:30 currentUid:0 triggerId:0 active:null context:{ _ns_name: 'net', id: 29, test: 'MONKEY' }
  CONTEXT-ENTER: (net) currentUid:0 triggerId:0 asyncHooksCurrentId:0 len:0 { _ns_name: 'net', id: 29, test: 'MONKEY' }
AFTER (net) asyncId:30 currentUid:0 triggerId:0 active:{ _ns_name: 'net', id: 29, test: 'MONKEY' } context:{ _ns_name: 'net', id: 29, test: 'MONKEY' }
CONTEXT-EXIT: (net) currentUid:0 triggerId:0 asyncHooksCurrentId:0 len:1 { _ns_name: 'net', id: 29, test: 'MONKEY' }
DESTROY (net) currentUid:0 asyncId:45 triggerId:0 active:null context:undefined
DESTROY (net) currentUid:0 asyncId:46 triggerId:0 active:null context:undefined
DESTROY (net) currentUid:0 asyncId:40 triggerId:0 active:null context:undefined
DESTROY (net) currentUid:0 asyncId:44 triggerId:0 active:null context:undefined
DESTROY (net) currentUid:0 asyncId:30 triggerId:0 active:null context:undefined
BEFORE (net) asyncId:33 currentUid:0 triggerId:0 active:null context:{ _ns_name: 'net', id: 25, test: 'newContextValue' }
  CONTEXT-ENTER: (net) currentUid:0 triggerId:0 asyncHooksCurrentId:0 len:0 { _ns_name: 'net', id: 25, test: 'newContextValue' }
  INIT [TickObject] (net) asyncId:48 currentUid:33 triggerId:33 active:{ _ns_name: 'net', id: 25, test: 'newContextValue' } resource:[object Object]
  INIT [TickObject] (net) asyncId:49 currentUid:33 triggerId:33 active:{ _ns_name: 'net', id: 25, test: 'newContextValue' } resource:[object Object]
  INIT [TickObject] (net) asyncId:50 currentUid:33 triggerId:33 active:{ _ns_name: 'net', id: 25, test: 'newContextValue' } resource:[object Object]
AFTER (net) asyncId:33 currentUid:0 triggerId:0 active:{ _ns_name: 'net', id: 25, test: 'newContextValue' } context:{ _ns_name: 'net', id: 25, test: 'newContextValue' }
CONTEXT-EXIT: (net) currentUid:0 triggerId:0 asyncHooksCurrentId:0 len:1 { _ns_name: 'net', id: 25, test: 'newContextValue' }
BEFORE (net) asyncId:48 currentUid:48 triggerId:33 active:null context:{ _ns_name: 'net', id: 25, test: 'newContextValue' }
  CONTEXT-ENTER: (net) currentUid:48 triggerId:33 asyncHooksCurrentId:48 len:0 { _ns_name: 'net', id: 25, test: 'newContextValue' }
AFTER (net) asyncId:48 currentUid:48 triggerId:33 active:{ _ns_name: 'net', id: 25, test: 'newContextValue' } context:{ _ns_name: 'net', id: 25, test: 'newContextValue' }
CONTEXT-EXIT: (net) currentUid:48 triggerId:33 asyncHooksCurrentId:48 len:1 { _ns_name: 'net', id: 25, test: 'newContextValue' }
BEFORE (net) asyncId:49 currentUid:49 triggerId:33 active:null context:{ _ns_name: 'net', id: 25, test: 'newContextValue' }
  CONTEXT-ENTER: (net) currentUid:49 triggerId:33 asyncHooksCurrentId:49 len:0 { _ns_name: 'net', id: 25, test: 'newContextValue' }
AFTER (net) asyncId:49 currentUid:49 triggerId:33 active:{ _ns_name: 'net', id: 25, test: 'newContextValue' } context:{ _ns_name: 'net', id: 25, test: 'newContextValue' }
CONTEXT-EXIT: (net) currentUid:49 triggerId:33 asyncHooksCurrentId:49 len:1 { _ns_name: 'net', id: 25, test: 'newContextValue' }
BEFORE (net) asyncId:50 currentUid:50 triggerId:33 active:null context:{ _ns_name: 'net', id: 25, test: 'newContextValue' }
  CONTEXT-ENTER: (net) currentUid:50 triggerId:33 asyncHooksCurrentId:50 len:0 { _ns_name: 'net', id: 25, test: 'newContextValue' }
AFTER (net) asyncId:50 currentUid:50 triggerId:33 active:{ _ns_name: 'net', id: 25, test: 'newContextValue' } context:{ _ns_name: 'net', id: 25, test: 'newContextValue' }
CONTEXT-EXIT: (net) currentUid:50 triggerId:33 asyncHooksCurrentId:50 len:1 { _ns_name: 'net', id: 25, test: 'newContextValue' }
BEFORE (net) asyncId:47 currentUid:47 triggerId:44 active:null context:{ _ns_name: 'net', id: 29, test: 'MONKEY' }
  CONTEXT-ENTER: (net) currentUid:47 triggerId:44 asyncHooksCurrentId:47 len:0 { _ns_name: 'net', id: 29, test: 'MONKEY' }
  INIT [Immediate] (net) asyncId:51 currentUid:47 triggerId:47 active:{ _ns_name: 'net', id: 29, test: 'MONKEY' } resource:[object Object]
AFTER (net) asyncId:47 currentUid:47 triggerId:44 active:{ _ns_name: 'net', id: 29, test: 'MONKEY' } context:{ _ns_name: 'net', id: 29, test: 'MONKEY' }
CONTEXT-EXIT: (net) currentUid:47 triggerId:44 asyncHooksCurrentId:47 len:1 { _ns_name: 'net', id: 29, test: 'MONKEY' }
BEFORE (net) asyncId:33 currentUid:0 triggerId:0 active:null context:{ _ns_name: 'net', id: 25, test: 'newContextValue' }
  CONTEXT-ENTER: (net) currentUid:0 triggerId:0 asyncHooksCurrentId:0 len:0 { _ns_name: 'net', id: 25, test: 'newContextValue' }
AFTER (net) asyncId:33 currentUid:0 triggerId:0 active:{ _ns_name: 'net', id: 25, test: 'newContextValue' } context:{ _ns_name: 'net', id: 25, test: 'newContextValue' }
CONTEXT-EXIT: (net) currentUid:0 triggerId:0 asyncHooksCurrentId:0 len:1 { _ns_name: 'net', id: 25, test: 'newContextValue' }
DESTROY (net) currentUid:0 asyncId:48 triggerId:0 active:null context:undefined
DESTROY (net) currentUid:0 asyncId:49 triggerId:0 active:null context:undefined
DESTROY (net) currentUid:0 asyncId:50 triggerId:0 active:null context:undefined
DESTROY (net) currentUid:0 asyncId:47 triggerId:0 active:null context:undefined
DESTROY (net) currentUid:0 asyncId:33 triggerId:0 active:null context:undefined
BEFORE (net) asyncId:51 currentUid:51 triggerId:47 active:null context:{ _ns_name: 'net', id: 29, test: 'MONKEY' }
  CONTEXT-ENTER: (net) currentUid:51 triggerId:47 asyncHooksCurrentId:51 len:0 { _ns_name: 'net', id: 29, test: 'MONKEY' }
  INIT [WRITEWRAP] (net) asyncId:52 currentUid:51 triggerId:3 active:{ _ns_name: 'net', id: 29, test: 'MONKEY' } resource:[object WriteWrap]
  INIT [TickObject] (net) asyncId:53 currentUid:51 triggerId:51 active:{ _ns_name: 'net', id: 29, test: 'MONKEY' } resource:[object Object]
  INIT [WRITEWRAP] (net) asyncId:54 currentUid:51 triggerId:3 active:{ _ns_name: 'net', id: 29, test: 'MONKEY' } resource:[object WriteWrap]
  INIT [TickObject] (net) asyncId:55 currentUid:51 triggerId:51 active:{ _ns_name: 'net', id: 29, test: 'MONKEY' } resource:[object Object]
  INIT [Immediate] (net) asyncId:56 currentUid:51 triggerId:51 active:{ _ns_name: 'net', id: 29, test: 'MONKEY' } resource:[object Object]
AFTER (net) asyncId:51 currentUid:51 triggerId:47 active:{ _ns_name: 'net', id: 29, test: 'MONKEY' } context:{ _ns_name: 'net', id: 29, test: 'MONKEY' }
CONTEXT-EXIT: (net) currentUid:51 triggerId:47 asyncHooksCurrentId:51 len:1 { _ns_name: 'net', id: 29, test: 'MONKEY' }
BEFORE (net) asyncId:53 currentUid:53 triggerId:51 active:null context:{ _ns_name: 'net', id: 29, test: 'MONKEY' }
  CONTEXT-ENTER: (net) currentUid:53 triggerId:51 asyncHooksCurrentId:53 len:0 { _ns_name: 'net', id: 29, test: 'MONKEY' }
AFTER (net) asyncId:53 currentUid:53 triggerId:51 active:{ _ns_name: 'net', id: 29, test: 'MONKEY' } context:{ _ns_name: 'net', id: 29, test: 'MONKEY' }
CONTEXT-EXIT: (net) currentUid:53 triggerId:51 asyncHooksCurrentId:53 len:1 { _ns_name: 'net', id: 29, test: 'MONKEY' }
BEFORE (net) asyncId:55 currentUid:55 triggerId:51 active:null context:{ _ns_name: 'net', id: 29, test: 'MONKEY' }
  CONTEXT-ENTER: (net) currentUid:55 triggerId:51 asyncHooksCurrentId:55 len:0 { _ns_name: 'net', id: 29, test: 'MONKEY' }
AFTER (net) asyncId:55 currentUid:55 triggerId:51 active:{ _ns_name: 'net', id: 29, test: 'MONKEY' } context:{ _ns_name: 'net', id: 29, test: 'MONKEY' }
CONTEXT-EXIT: (net) currentUid:55 triggerId:51 asyncHooksCurrentId:55 len:1 { _ns_name: 'net', id: 29, test: 'MONKEY' }
DESTROY (net) currentUid:0 asyncId:51 triggerId:0 active:null context:undefined
DESTROY (net) currentUid:0 asyncId:53 triggerId:0 active:null context:undefined
DESTROY (net) currentUid:0 asyncId:55 triggerId:0 active:null context:undefined
BEFORE (net) asyncId:56 currentUid:56 triggerId:51 active:null context:{ _ns_name: 'net', id: 29, test: 'MONKEY' }
  CONTEXT-ENTER: (net) currentUid:56 triggerId:51 asyncHooksCurrentId:56 len:0 { _ns_name: 'net', id: 29, test: 'MONKEY' }
  INIT [Immediate] (net) asyncId:57 currentUid:56 triggerId:56 active:{ _ns_name: 'net', id: 29, test: 'MONKEY' } resource:[object Object]
AFTER (net) asyncId:56 currentUid:56 triggerId:51 active:{ _ns_name: 'net', id: 29, test: 'MONKEY' } context:{ _ns_name: 'net', id: 29, test: 'MONKEY' }
CONTEXT-EXIT: (net) currentUid:56 triggerId:51 asyncHooksCurrentId:56 len:1 { _ns_name: 'net', id: 29, test: 'MONKEY' }
DESTROY (net) currentUid:0 asyncId:56 triggerId:0 active:null context:undefined
BEFORE (net) asyncId:52 currentUid:0 triggerId:0 active:null context:{ _ns_name: 'net', id: 29, test: 'MONKEY' }
  CONTEXT-ENTER: (net) currentUid:0 triggerId:0 asyncHooksCurrentId:0 len:0 { _ns_name: 'net', id: 29, test: 'MONKEY' }
AFTER (net) asyncId:52 currentUid:0 triggerId:0 active:{ _ns_name: 'net', id: 29, test: 'MONKEY' } context:{ _ns_name: 'net', id: 29, test: 'MONKEY' }
CONTEXT-EXIT: (net) currentUid:0 triggerId:0 asyncHooksCurrentId:0 len:1 { _ns_name: 'net', id: 29, test: 'MONKEY' }
BEFORE (net) asyncId:54 currentUid:0 triggerId:0 active:null context:{ _ns_name: 'net', id: 29, test: 'MONKEY' }
  CONTEXT-ENTER: (net) currentUid:0 triggerId:0 asyncHooksCurrentId:0 len:0 { _ns_name: 'net', id: 29, test: 'MONKEY' }
AFTER (net) asyncId:54 currentUid:0 triggerId:0 active:{ _ns_name: 'net', id: 29, test: 'MONKEY' } context:{ _ns_name: 'net', id: 29, test: 'MONKEY' }
CONTEXT-EXIT: (net) currentUid:0 triggerId:0 asyncHooksCurrentId:0 len:1 { _ns_name: 'net', id: 29, test: 'MONKEY' }
BEFORE (net) asyncId:57 currentUid:57 triggerId:56 active:null context:{ _ns_name: 'net', id: 29, test: 'MONKEY' }
  CONTEXT-ENTER: (net) currentUid:57 triggerId:56 asyncHooksCurrentId:57 len:0 { _ns_name: 'net', id: 29, test: 'MONKEY' }
  INIT [Immediate] (net) asyncId:58 currentUid:57 triggerId:57 active:{ _ns_name: 'net', id: 29, test: 'MONKEY' } resource:[object Object]
AFTER (net) asyncId:57 currentUid:57 triggerId:56 active:{ _ns_name: 'net', id: 29, test: 'MONKEY' } context:{ _ns_name: 'net', id: 29, test: 'MONKEY' }
CONTEXT-EXIT: (net) currentUid:57 triggerId:56 asyncHooksCurrentId:57 len:1 { _ns_name: 'net', id: 29, test: 'MONKEY' }
DESTROY (net) currentUid:0 asyncId:52 triggerId:0 active:null context:undefined
DESTROY (net) currentUid:0 asyncId:54 triggerId:0 active:null context:undefined
DESTROY (net) currentUid:0 asyncId:57 triggerId:0 active:null context:undefined
BEFORE (net) asyncId:58 currentUid:58 triggerId:57 active:null context:{ _ns_name: 'net', id: 29, test: 'MONKEY' }
  CONTEXT-ENTER: (net) currentUid:58 triggerId:57 asyncHooksCurrentId:58 len:0 { _ns_name: 'net', id: 29, test: 'MONKEY' }
  INIT [Immediate] (net) asyncId:59 currentUid:58 triggerId:58 active:{ _ns_name: 'net', id: 29, test: 'MONKEY' } resource:[object Object]
AFTER (net) asyncId:58 currentUid:58 triggerId:57 active:{ _ns_name: 'net', id: 29, test: 'MONKEY' } context:{ _ns_name: 'net', id: 29, test: 'MONKEY' }
CONTEXT-EXIT: (net) currentUid:58 triggerId:57 asyncHooksCurrentId:58 len:1 { _ns_name: 'net', id: 29, test: 'MONKEY' }
DESTROY (net) currentUid:0 asyncId:58 triggerId:0 active:null context:undefined
BEFORE (net) asyncId:59 currentUid:59 triggerId:58 active:null context:{ _ns_name: 'net', id: 29, test: 'MONKEY' }
  CONTEXT-ENTER: (net) currentUid:59 triggerId:58 asyncHooksCurrentId:59 len:0 { _ns_name: 'net', id: 29, test: 'MONKEY' }
  INIT [WRITEWRAP] (net) asyncId:60 currentUid:59 triggerId:3 active:{ _ns_name: 'net', id: 29, test: 'MONKEY' } resource:[object WriteWrap]
  INIT [TickObject] (net) asyncId:61 currentUid:59 triggerId:59 active:{ _ns_name: 'net', id: 29, test: 'MONKEY' } resource:[object Object]
  INIT [WRITEWRAP] (net) asyncId:62 currentUid:59 triggerId:3 active:{ _ns_name: 'net', id: 29, test: 'MONKEY' } resource:[object WriteWrap]
  INIT [TickObject] (net) asyncId:63 currentUid:59 triggerId:59 active:{ _ns_name: 'net', id: 29, test: 'MONKEY' } resource:[object Object]
  INIT [Immediate] (net) asyncId:64 currentUid:59 triggerId:59 active:{ _ns_name: 'net', id: 29, test: 'MONKEY' } resource:[object Object]
AFTER (net) asyncId:59 currentUid:59 triggerId:58 active:{ _ns_name: 'net', id: 29, test: 'MONKEY' } context:{ _ns_name: 'net', id: 29, test: 'MONKEY' }
CONTEXT-EXIT: (net) currentUid:59 triggerId:58 asyncHooksCurrentId:59 len:1 { _ns_name: 'net', id: 29, test: 'MONKEY' }
BEFORE (net) asyncId:61 currentUid:61 triggerId:59 active:null context:{ _ns_name: 'net', id: 29, test: 'MONKEY' }
  CONTEXT-ENTER: (net) currentUid:61 triggerId:59 asyncHooksCurrentId:61 len:0 { _ns_name: 'net', id: 29, test: 'MONKEY' }
AFTER (net) asyncId:61 currentUid:61 triggerId:59 active:{ _ns_name: 'net', id: 29, test: 'MONKEY' } context:{ _ns_name: 'net', id: 29, test: 'MONKEY' }
CONTEXT-EXIT: (net) currentUid:61 triggerId:59 asyncHooksCurrentId:61 len:1 { _ns_name: 'net', id: 29, test: 'MONKEY' }
BEFORE (net) asyncId:63 currentUid:63 triggerId:59 active:null context:{ _ns_name: 'net', id: 29, test: 'MONKEY' }
  CONTEXT-ENTER: (net) currentUid:63 triggerId:59 asyncHooksCurrentId:63 len:0 { _ns_name: 'net', id: 29, test: 'MONKEY' }
AFTER (net) asyncId:63 currentUid:63 triggerId:59 active:{ _ns_name: 'net', id: 29, test: 'MONKEY' } context:{ _ns_name: 'net', id: 29, test: 'MONKEY' }
CONTEXT-EXIT: (net) currentUid:63 triggerId:59 asyncHooksCurrentId:63 len:1 { _ns_name: 'net', id: 29, test: 'MONKEY' }
DESTROY (net) currentUid:0 asyncId:59 triggerId:0 active:null context:undefined
DESTROY (net) currentUid:0 asyncId:61 triggerId:0 active:null context:undefined
DESTROY (net) currentUid:0 asyncId:63 triggerId:0 active:null context:undefined
BEFORE (net) asyncId:64 currentUid:64 triggerId:59 active:null context:{ _ns_name: 'net', id: 29, test: 'MONKEY' }
  CONTEXT-ENTER: (net) currentUid:64 triggerId:59 asyncHooksCurrentId:64 len:0 { _ns_name: 'net', id: 29, test: 'MONKEY' }
  INIT [Immediate] (net) asyncId:65 currentUid:64 triggerId:64 active:{ _ns_name: 'net', id: 29, test: 'MONKEY' } resource:[object Object]
AFTER (net) asyncId:64 currentUid:64 triggerId:59 active:{ _ns_name: 'net', id: 29, test: 'MONKEY' } context:{ _ns_name: 'net', id: 29, test: 'MONKEY' }
CONTEXT-EXIT: (net) currentUid:64 triggerId:59 asyncHooksCurrentId:64 len:1 { _ns_name: 'net', id: 29, test: 'MONKEY' }
DESTROY (net) currentUid:0 asyncId:64 triggerId:0 active:null context:undefined
BEFORE (net) asyncId:60 currentUid:0 triggerId:0 active:null context:{ _ns_name: 'net', id: 29, test: 'MONKEY' }
  CONTEXT-ENTER: (net) currentUid:0 triggerId:0 asyncHooksCurrentId:0 len:0 { _ns_name: 'net', id: 29, test: 'MONKEY' }
AFTER (net) asyncId:60 currentUid:0 triggerId:0 active:{ _ns_name: 'net', id: 29, test: 'MONKEY' } context:{ _ns_name: 'net', id: 29, test: 'MONKEY' }
CONTEXT-EXIT: (net) currentUid:0 triggerId:0 asyncHooksCurrentId:0 len:1 { _ns_name: 'net', id: 29, test: 'MONKEY' }
BEFORE (net) asyncId:62 currentUid:0 triggerId:0 active:null context:{ _ns_name: 'net', id: 29, test: 'MONKEY' }
  CONTEXT-ENTER: (net) currentUid:0 triggerId:0 asyncHooksCurrentId:0 len:0 { _ns_name: 'net', id: 29, test: 'MONKEY' }
AFTER (net) asyncId:62 currentUid:0 triggerId:0 active:{ _ns_name: 'net', id: 29, test: 'MONKEY' } context:{ _ns_name: 'net', id: 29, test: 'MONKEY' }
CONTEXT-EXIT: (net) currentUid:0 triggerId:0 asyncHooksCurrentId:0 len:1 { _ns_name: 'net', id: 29, test: 'MONKEY' }
BEFORE (net) asyncId:65 currentUid:65 triggerId:64 active:null context:{ _ns_name: 'net', id: 29, test: 'MONKEY' }
  CONTEXT-ENTER: (net) currentUid:65 triggerId:64 asyncHooksCurrentId:65 len:0 { _ns_name: 'net', id: 29, test: 'MONKEY' }
  INIT [Immediate] (net) asyncId:66 currentUid:65 triggerId:65 active:{ _ns_name: 'net', id: 29, test: 'MONKEY' } resource:[object Object]
AFTER (net) asyncId:65 currentUid:65 triggerId:64 active:{ _ns_name: 'net', id: 29, test: 'MONKEY' } context:{ _ns_name: 'net', id: 29, test: 'MONKEY' }
CONTEXT-EXIT: (net) currentUid:65 triggerId:64 asyncHooksCurrentId:65 len:1 { _ns_name: 'net', id: 29, test: 'MONKEY' }
DESTROY (net) currentUid:0 asyncId:60 triggerId:0 active:null context:undefined
DESTROY (net) currentUid:0 asyncId:62 triggerId:0 active:null context:undefined
DESTROY (net) currentUid:0 asyncId:65 triggerId:0 active:null context:undefined
BEFORE (net) asyncId:66 currentUid:66 triggerId:65 active:null context:{ _ns_name: 'net', id: 29, test: 'MONKEY' }
  CONTEXT-ENTER: (net) currentUid:66 triggerId:65 asyncHooksCurrentId:66 len:0 { _ns_name: 'net', id: 29, test: 'MONKEY' }
  INIT [Immediate] (net) asyncId:67 currentUid:66 triggerId:66 active:{ _ns_name: 'net', id: 29, test: 'MONKEY' } resource:[object Object]
AFTER (net) asyncId:66 currentUid:66 triggerId:65 active:{ _ns_name: 'net', id: 29, test: 'MONKEY' } context:{ _ns_name: 'net', id: 29, test: 'MONKEY' }
CONTEXT-EXIT: (net) currentUid:66 triggerId:65 asyncHooksCurrentId:66 len:1 { _ns_name: 'net', id: 29, test: 'MONKEY' }
DESTROY (net) currentUid:0 asyncId:66 triggerId:0 active:null context:undefined
BEFORE (net) asyncId:67 currentUid:67 triggerId:66 active:null context:{ _ns_name: 'net', id: 29, test: 'MONKEY' }
  CONTEXT-ENTER: (net) currentUid:67 triggerId:66 asyncHooksCurrentId:67 len:0 { _ns_name: 'net', id: 29, test: 'MONKEY' }
  INIT [WRITEWRAP] (net) asyncId:68 currentUid:67 triggerId:3 active:{ _ns_name: 'net', id: 29, test: 'MONKEY' } resource:[object WriteWrap]
  INIT [TickObject] (net) asyncId:69 currentUid:67 triggerId:67 active:{ _ns_name: 'net', id: 29, test: 'MONKEY' } resource:[object Object]
  INIT [WRITEWRAP] (net) asyncId:70 currentUid:67 triggerId:3 active:{ _ns_name: 'net', id: 29, test: 'MONKEY' } resource:[object WriteWrap]
  INIT [TickObject] (net) asyncId:71 currentUid:67 triggerId:67 active:{ _ns_name: 'net', id: 29, test: 'MONKEY' } resource:[object Object]
  INIT [Immediate] (net) asyncId:72 currentUid:67 triggerId:67 active:{ _ns_name: 'net', id: 29, test: 'MONKEY' } resource:[object Object]
AFTER (net) asyncId:67 currentUid:67 triggerId:66 active:{ _ns_name: 'net', id: 29, test: 'MONKEY' } context:{ _ns_name: 'net', id: 29, test: 'MONKEY' }
CONTEXT-EXIT: (net) currentUid:67 triggerId:66 asyncHooksCurrentId:67 len:1 { _ns_name: 'net', id: 29, test: 'MONKEY' }
BEFORE (net) asyncId:69 currentUid:69 triggerId:67 active:null context:{ _ns_name: 'net', id: 29, test: 'MONKEY' }
  CONTEXT-ENTER: (net) currentUid:69 triggerId:67 asyncHooksCurrentId:69 len:0 { _ns_name: 'net', id: 29, test: 'MONKEY' }
AFTER (net) asyncId:69 currentUid:69 triggerId:67 active:{ _ns_name: 'net', id: 29, test: 'MONKEY' } context:{ _ns_name: 'net', id: 29, test: 'MONKEY' }
CONTEXT-EXIT: (net) currentUid:69 triggerId:67 asyncHooksCurrentId:69 len:1 { _ns_name: 'net', id: 29, test: 'MONKEY' }
BEFORE (net) asyncId:71 currentUid:71 triggerId:67 active:null context:{ _ns_name: 'net', id: 29, test: 'MONKEY' }
  CONTEXT-ENTER: (net) currentUid:71 triggerId:67 asyncHooksCurrentId:71 len:0 { _ns_name: 'net', id: 29, test: 'MONKEY' }
AFTER (net) asyncId:71 currentUid:71 triggerId:67 active:{ _ns_name: 'net', id: 29, test: 'MONKEY' } context:{ _ns_name: 'net', id: 29, test: 'MONKEY' }
CONTEXT-EXIT: (net) currentUid:71 triggerId:67 asyncHooksCurrentId:71 len:1 { _ns_name: 'net', id: 29, test: 'MONKEY' }
DESTROY (net) currentUid:0 asyncId:67 triggerId:0 active:null context:undefined
DESTROY (net) currentUid:0 asyncId:69 triggerId:0 active:null context:undefined
DESTROY (net) currentUid:0 asyncId:71 triggerId:0 active:null context:undefined
BEFORE (net) asyncId:72 currentUid:72 triggerId:67 active:null context:{ _ns_name: 'net', id: 29, test: 'MONKEY' }
  CONTEXT-ENTER: (net) currentUid:72 triggerId:67 asyncHooksCurrentId:72 len:0 { _ns_name: 'net', id: 29, test: 'MONKEY' }
  INIT [Immediate] (net) asyncId:73 currentUid:72 triggerId:72 active:{ _ns_name: 'net', id: 29, test: 'MONKEY' } resource:[object Object]
AFTER (net) asyncId:72 currentUid:72 triggerId:67 active:{ _ns_name: 'net', id: 29, test: 'MONKEY' } context:{ _ns_name: 'net', id: 29, test: 'MONKEY' }
CONTEXT-EXIT: (net) currentUid:72 triggerId:67 asyncHooksCurrentId:72 len:1 { _ns_name: 'net', id: 29, test: 'MONKEY' }
DESTROY (net) currentUid:0 asyncId:72 triggerId:0 active:null context:undefined
BEFORE (net) asyncId:68 currentUid:0 triggerId:0 active:null context:{ _ns_name: 'net', id: 29, test: 'MONKEY' }
  CONTEXT-ENTER: (net) currentUid:0 triggerId:0 asyncHooksCurrentId:0 len:0 { _ns_name: 'net', id: 29, test: 'MONKEY' }
AFTER (net) asyncId:68 currentUid:0 triggerId:0 active:{ _ns_name: 'net', id: 29, test: 'MONKEY' } context:{ _ns_name: 'net', id: 29, test: 'MONKEY' }
CONTEXT-EXIT: (net) currentUid:0 triggerId:0 asyncHooksCurrentId:0 len:1 { _ns_name: 'net', id: 29, test: 'MONKEY' }
BEFORE (net) asyncId:70 currentUid:0 triggerId:0 active:null context:{ _ns_name: 'net', id: 29, test: 'MONKEY' }
  CONTEXT-ENTER: (net) currentUid:0 triggerId:0 asyncHooksCurrentId:0 len:0 { _ns_name: 'net', id: 29, test: 'MONKEY' }
AFTER (net) asyncId:70 currentUid:0 triggerId:0 active:{ _ns_name: 'net', id: 29, test: 'MONKEY' } context:{ _ns_name: 'net', id: 29, test: 'MONKEY' }
CONTEXT-EXIT: (net) currentUid:0 triggerId:0 asyncHooksCurrentId:0 len:1 { _ns_name: 'net', id: 29, test: 'MONKEY' }
BEFORE (net) asyncId:73 currentUid:73 triggerId:72 active:null context:{ _ns_name: 'net', id: 29, test: 'MONKEY' }
  CONTEXT-ENTER: (net) currentUid:73 triggerId:72 asyncHooksCurrentId:73 len:0 { _ns_name: 'net', id: 29, test: 'MONKEY' }
  INIT [Immediate] (net) asyncId:74 currentUid:73 triggerId:73 active:{ _ns_name: 'net', id: 29, test: 'MONKEY' } resource:[object Object]
AFTER (net) asyncId:73 currentUid:73 triggerId:72 active:{ _ns_name: 'net', id: 29, test: 'MONKEY' } context:{ _ns_name: 'net', id: 29, test: 'MONKEY' }
CONTEXT-EXIT: (net) currentUid:73 triggerId:72 asyncHooksCurrentId:73 len:1 { _ns_name: 'net', id: 29, test: 'MONKEY' }
DESTROY (net) currentUid:0 asyncId:68 triggerId:0 active:null context:undefined
DESTROY (net) currentUid:0 asyncId:70 triggerId:0 active:null context:undefined
DESTROY (net) currentUid:0 asyncId:73 triggerId:0 active:null context:undefined
BEFORE (net) asyncId:74 currentUid:74 triggerId:73 active:null context:{ _ns_name: 'net', id: 29, test: 'MONKEY' }
  CONTEXT-ENTER: (net) currentUid:74 triggerId:73 asyncHooksCurrentId:74 len:0 { _ns_name: 'net', id: 29, test: 'MONKEY' }
  INIT [Immediate] (net) asyncId:75 currentUid:74 triggerId:74 active:{ _ns_name: 'net', id: 29, test: 'MONKEY' } resource:[object Object]
AFTER (net) asyncId:74 currentUid:74 triggerId:73 active:{ _ns_name: 'net', id: 29, test: 'MONKEY' } context:{ _ns_name: 'net', id: 29, test: 'MONKEY' }
CONTEXT-EXIT: (net) currentUid:74 triggerId:73 asyncHooksCurrentId:74 len:1 { _ns_name: 'net', id: 29, test: 'MONKEY' }
DESTROY (net) currentUid:0 asyncId:74 triggerId:0 active:null context:undefined
BEFORE (net) asyncId:75 currentUid:75 triggerId:74 active:null context:{ _ns_name: 'net', id: 29, test: 'MONKEY' }
  CONTEXT-ENTER: (net) currentUid:75 triggerId:74 asyncHooksCurrentId:75 len:0 { _ns_name: 'net', id: 29, test: 'MONKEY' }
  INIT [Immediate] (net) asyncId:76 currentUid:75 triggerId:75 active:{ _ns_name: 'net', id: 29, test: 'MONKEY' } resource:[object Object]
AFTER (net) asyncId:75 currentUid:75 triggerId:74 active:{ _ns_name: 'net', id: 29, test: 'MONKEY' } context:{ _ns_name: 'net', id: 29, test: 'MONKEY' }
CONTEXT-EXIT: (net) currentUid:75 triggerId:74 asyncHooksCurrentId:75 len:1 { _ns_name: 'net', id: 29, test: 'MONKEY' }
DESTROY (net) currentUid:0 asyncId:75 triggerId:0 active:null context:undefined
BEFORE (net) asyncId:76 currentUid:76 triggerId:75 active:null context:{ _ns_name: 'net', id: 29, test: 'MONKEY' }
  CONTEXT-ENTER: (net) currentUid:76 triggerId:75 asyncHooksCurrentId:76 len:0 { _ns_name: 'net', id: 29, test: 'MONKEY' }
  INIT [WRITEWRAP] (net) asyncId:77 currentUid:76 triggerId:3 active:{ _ns_name: 'net', id: 29, test: 'MONKEY' } resource:[object WriteWrap]
  INIT [TickObject] (net) asyncId:78 currentUid:76 triggerId:76 active:{ _ns_name: 'net', id: 29, test: 'MONKEY' } resource:[object Object]
  INIT [WRITEWRAP] (net) asyncId:79 currentUid:76 triggerId:3 active:{ _ns_name: 'net', id: 29, test: 'MONKEY' } resource:[object WriteWrap]
  INIT [TickObject] (net) asyncId:80 currentUid:76 triggerId:76 active:{ _ns_name: 'net', id: 29, test: 'MONKEY' } resource:[object Object]
  INIT [Immediate] (net) asyncId:81 currentUid:76 triggerId:76 active:{ _ns_name: 'net', id: 29, test: 'MONKEY' } resource:[object Object]
AFTER (net) asyncId:76 currentUid:76 triggerId:75 active:{ _ns_name: 'net', id: 29, test: 'MONKEY' } context:{ _ns_name: 'net', id: 29, test: 'MONKEY' }
CONTEXT-EXIT: (net) currentUid:76 triggerId:75 asyncHooksCurrentId:76 len:1 { _ns_name: 'net', id: 29, test: 'MONKEY' }
BEFORE (net) asyncId:78 currentUid:78 triggerId:76 active:null context:{ _ns_name: 'net', id: 29, test: 'MONKEY' }
  CONTEXT-ENTER: (net) currentUid:78 triggerId:76 asyncHooksCurrentId:78 len:0 { _ns_name: 'net', id: 29, test: 'MONKEY' }
AFTER (net) asyncId:78 currentUid:78 triggerId:76 active:{ _ns_name: 'net', id: 29, test: 'MONKEY' } context:{ _ns_name: 'net', id: 29, test: 'MONKEY' }
CONTEXT-EXIT: (net) currentUid:78 triggerId:76 asyncHooksCurrentId:78 len:1 { _ns_name: 'net', id: 29, test: 'MONKEY' }
BEFORE (net) asyncId:80 currentUid:80 triggerId:76 active:null context:{ _ns_name: 'net', id: 29, test: 'MONKEY' }
  CONTEXT-ENTER: (net) currentUid:80 triggerId:76 asyncHooksCurrentId:80 len:0 { _ns_name: 'net', id: 29, test: 'MONKEY' }
AFTER (net) asyncId:80 currentUid:80 triggerId:76 active:{ _ns_name: 'net', id: 29, test: 'MONKEY' } context:{ _ns_name: 'net', id: 29, test: 'MONKEY' }
CONTEXT-EXIT: (net) currentUid:80 triggerId:76 asyncHooksCurrentId:80 len:1 { _ns_name: 'net', id: 29, test: 'MONKEY' }
DESTROY (net) currentUid:0 asyncId:76 triggerId:0 active:null context:undefined
DESTROY (net) currentUid:0 asyncId:78 triggerId:0 active:null context:undefined
DESTROY (net) currentUid:0 asyncId:80 triggerId:0 active:null context:undefined
BEFORE (net) asyncId:81 currentUid:81 triggerId:76 active:null context:{ _ns_name: 'net', id: 29, test: 'MONKEY' }
  CONTEXT-ENTER: (net) currentUid:81 triggerId:76 asyncHooksCurrentId:81 len:0 { _ns_name: 'net', id: 29, test: 'MONKEY' }
  INIT [WRITEWRAP] (net) asyncId:82 currentUid:81 triggerId:3 active:{ _ns_name: 'net', id: 29, test: 'MONKEY' } resource:[object WriteWrap]
  INIT [TickObject] (net) asyncId:83 currentUid:81 triggerId:81 active:{ _ns_name: 'net', id: 29, test: 'MONKEY' } resource:[object Object]
  INIT [WRITEWRAP] (net) asyncId:84 currentUid:81 triggerId:3 active:{ _ns_name: 'net', id: 29, test: 'MONKEY' } resource:[object WriteWrap]
  INIT [TickObject] (net) asyncId:85 currentUid:81 triggerId:81 active:{ _ns_name: 'net', id: 29, test: 'MONKEY' } resource:[object Object]
  INIT [WRITEWRAP] (net) asyncId:86 currentUid:81 triggerId:4 active:{ _ns_name: 'net', id: 29, test: 'MONKEY' } resource:[object WriteWrap]
  INIT [TickObject] (net) asyncId:87 currentUid:81 triggerId:81 active:{ _ns_name: 'net', id: 29, test: 'MONKEY' } resource:[object Object]
AFTER (net) asyncId:81 currentUid:81 triggerId:76 active:{ _ns_name: 'net', id: 29, test: 'MONKEY' } context:{ _ns_name: 'net', id: 29, test: 'MONKEY' }
CONTEXT-EXIT: (net) currentUid:81 triggerId:76 asyncHooksCurrentId:81 len:1 { _ns_name: 'net', id: 29, test: 'MONKEY' }
BEFORE (net) asyncId:83 currentUid:83 triggerId:81 active:null context:{ _ns_name: 'net', id: 29, test: 'MONKEY' }
  CONTEXT-ENTER: (net) currentUid:83 triggerId:81 asyncHooksCurrentId:83 len:0 { _ns_name: 'net', id: 29, test: 'MONKEY' }
AFTER (net) asyncId:83 currentUid:83 triggerId:81 active:{ _ns_name: 'net', id: 29, test: 'MONKEY' } context:{ _ns_name: 'net', id: 29, test: 'MONKEY' }
CONTEXT-EXIT: (net) currentUid:83 triggerId:81 asyncHooksCurrentId:83 len:1 { _ns_name: 'net', id: 29, test: 'MONKEY' }
BEFORE (net) asyncId:85 currentUid:85 triggerId:81 active:null context:{ _ns_name: 'net', id: 29, test: 'MONKEY' }
  CONTEXT-ENTER: (net) currentUid:85 triggerId:81 asyncHooksCurrentId:85 len:0 { _ns_name: 'net', id: 29, test: 'MONKEY' }
AFTER (net) asyncId:85 currentUid:85 triggerId:81 active:{ _ns_name: 'net', id: 29, test: 'MONKEY' } context:{ _ns_name: 'net', id: 29, test: 'MONKEY' }
CONTEXT-EXIT: (net) currentUid:85 triggerId:81 asyncHooksCurrentId:85 len:1 { _ns_name: 'net', id: 29, test: 'MONKEY' }
BEFORE (net) asyncId:87 currentUid:87 triggerId:81 active:null context:{ _ns_name: 'net', id: 29, test: 'MONKEY' }
  CONTEXT-ENTER: (net) currentUid:87 triggerId:81 asyncHooksCurrentId:87 len:0 { _ns_name: 'net', id: 29, test: 'MONKEY' }

Process finished with exit code 0
