C:\Users\acrad\AppData\Local\JetBrains\Toolbox\apps\WebStorm\ch-0\181.4203.498\bin\runnerw.exe "C:\Program Files\nodejs\node.exe" C:\projects\Jeff-Lewis\cls-hooked\node_modules\tap\bin\run.js test\tap\net-events.tap.js -Rspec

NS-CREATING NAMESPACE (net)
test\tap\net-events.tap.js
CONTEXT-CREATED Context: (net) currentUid:-1 triggerId:0 asyncHooksCurrentId:1 len:0 context:{ _ns_name: 'net', id: -1 }
CONTEXT-ENTER: (net) currentUid:-1 triggerId:0 asyncHooksCurrentId:1 len:0 { _ns_name: 'net', id: -1 }
CONTEXT-RUN BEGIN: (net) currentUid:-1 triggerId:0 asyncHooksCurrentId:1 len:1 context:{ _ns_name: 'net', id: -1 }
CONTEXT-SET KEY:test=originalValue in ns:net currentUid:-1 active:{ _ns_name: 'net', id: -1, test: 'originalValue' }
CONTEXT-CREATED Context: (net) currentUid:-1 triggerId:0 asyncHooksCurrentId:1 len:1 context:{ _ns_name: 'net', id: -1 }
CONTEXT-ENTER: (net) currentUid:-1 triggerId:0 asyncHooksCurrentId:1 len:1 { _ns_name: 'net', id: -1 }
CONTEXT-RUN BEGIN: (net) currentUid:-1 triggerId:0 asyncHooksCurrentId:1 len:2 context:{ _ns_name: 'net', id: -1 }
CONTEXT-SET KEY:test=newContextValue in ns:net currentUid:-1 active:{ _ns_name: 'net', id: -1, test: 'newContextValue' }
INIT [TCPSERVERWRAP] (net) asyncId:19 currentUid:1 triggerId:1 active:{ _ns_name: 'net', id: -1, test: 'newContextValue' } resource:[object TCP]
INIT [TickObject] (net) asyncId:20 currentUid:1 triggerId:19 active:{ _ns_name: 'net', id: -1, test: 'newContextValue' } resource:[object Object]
CONTEXT-RUN END: (net) currentUid:1 triggerId:0 asyncHooksCurrentId:1 len:2 { _ns_name: 'net', id: -1, test: 'newContextValue' }
CONTEXT-EXIT: (net) currentUid:1 triggerId:0 asyncHooksCurrentId:1 len:2 { _ns_name: 'net', id: -1, test: 'newContextValue' }
CONTEXT-RUN END: (net) currentUid:1 triggerId:0 asyncHooksCurrentId:1 len:1 { _ns_name: 'net', id: -1, test: 'originalValue' }
CONTEXT-EXIT: (net) currentUid:1 triggerId:0 asyncHooksCurrentId:1 len:1 { _ns_name: 'net', id: -1, test: 'originalValue' }
BEFORE MISSING CONTEXT (net) asyncId:9 currentUid:9 triggerId:1 active:null namespace._contexts:Map {
  19 => { _ns_name: 'net', id: -1, test: 'newContextValue' },
  20 => { _ns_name: 'net', id: -1, test: 'newContextValue' },
  [size]: 2 }
AFTER MISSING CONTEXT (net) asyncId:9 currentUid:9 triggerId:1 active:null context:undefined
BEFORE MISSING CONTEXT (net) asyncId:11 currentUid:11 triggerId:1 active:null namespace._contexts:Map {
  19 => { _ns_name: 'net', id: -1, test: 'newContextValue' },
  20 => { _ns_name: 'net', id: -1, test: 'newContextValue' },
  [size]: 2 }
AFTER MISSING CONTEXT (net) asyncId:11 currentUid:11 triggerId:1 active:null context:undefined
BEFORE MISSING CONTEXT (net) asyncId:12 currentUid:12 triggerId:1 active:null namespace._contexts:Map {
  19 => { _ns_name: 'net', id: -1, test: 'newContextValue' },
  20 => { _ns_name: 'net', id: -1, test: 'newContextValue' },
  [size]: 2 }
AFTER MISSING CONTEXT (net) asyncId:12 currentUid:12 triggerId:1 active:null context:undefined
BEFORE MISSING CONTEXT (net) asyncId:13 currentUid:13 triggerId:1 active:null namespace._contexts:Map {
  19 => { _ns_name: 'net', id: -1, test: 'newContextValue' },
  20 => { _ns_name: 'net', id: -1, test: 'newContextValue' },
  [size]: 2 }
AFTER MISSING CONTEXT (net) asyncId:13 currentUid:13 triggerId:1 active:null context:undefined
BEFORE MISSING CONTEXT (net) asyncId:15 currentUid:15 triggerId:1 active:null namespace._contexts:Map {
  19 => { _ns_name: 'net', id: -1, test: 'newContextValue' },
  20 => { _ns_name: 'net', id: -1, test: 'newContextValue' },
  [size]: 2 }
AFTER MISSING CONTEXT (net) asyncId:15 currentUid:15 triggerId:1 active:null context:undefined
BEFORE MISSING CONTEXT (net) asyncId:16 currentUid:16 triggerId:1 active:null namespace._contexts:Map {
  19 => { _ns_name: 'net', id: -1, test: 'newContextValue' },
  20 => { _ns_name: 'net', id: -1, test: 'newContextValue' },
  [size]: 2 }
AFTER MISSING CONTEXT (net) asyncId:16 currentUid:16 triggerId:1 active:null context:undefined
BEFORE MISSING CONTEXT (net) asyncId:18 currentUid:18 triggerId:1 active:null namespace._contexts:Map {
  19 => { _ns_name: 'net', id: -1, test: 'newContextValue' },
  20 => { _ns_name: 'net', id: -1, test: 'newContextValue' },
  [size]: 2 }
AFTER MISSING CONTEXT (net) asyncId:18 currentUid:18 triggerId:1 active:null context:undefined
BEFORE (net) asyncId:20 currentUid:20 triggerId:19 active:null context:{ _ns_name: 'net', id: -1, test: 'newContextValue' }
  CONTEXT-ENTER: (net) currentUid:20 triggerId:19 asyncHooksCurrentId:20 len:0 { _ns_name: 'net', id: -1, test: 'newContextValue' }
  CONTEXT-CREATED Context: (net) currentUid:20 triggerId:19 asyncHooksCurrentId:20 len:1 context:{ _ns_name: 'net', id: 20 }
  CONTEXT-ENTER: (net) currentUid:20 triggerId:19 asyncHooksCurrentId:20 len:1 { _ns_name: 'net', id: 20 }
  CONTEXT-RUN BEGIN: (net) currentUid:20 triggerId:19 asyncHooksCurrentId:20 len:2 context:{ _ns_name: 'net', id: 20 }
  CONTEXT-SET KEY:test=MONKEY in ns:net currentUid:20 active:{ _ns_name: 'net', id: 20, test: 'MONKEY' }
  INIT [TCPWRAP] (net) asyncId:21 currentUid:20 triggerId:20 active:{ _ns_name: 'net', id: 20, test: 'MONKEY' } resource:[object TCP]
  INIT [GETADDRINFOREQWRAP] (net) asyncId:22 currentUid:20 triggerId:21 active:{ _ns_name: 'net', id: 20, test: 'MONKEY' } resource:[object GetAddrInfoReqWrap]
  CONTEXT-RUN END: (net) currentUid:20 triggerId:19 asyncHooksCurrentId:20 len:2 { _ns_name: 'net', id: 20, test: 'MONKEY' }
  CONTEXT-EXIT: (net) currentUid:20 triggerId:19 asyncHooksCurrentId:20 len:2 { _ns_name: 'net', id: 20, test: 'MONKEY' }
AFTER (net) asyncId:20 currentUid:20 triggerId:19 active:{ _ns_name: 'net', id: -1, test: 'newContextValue' } context:{ _ns_name: 'net', id: -1, test: 'newContextValue' }
CONTEXT-EXIT: (net) currentUid:20 triggerId:19 asyncHooksCurrentId:20 len:1 { _ns_name: 'net', id: -1, test: 'newContextValue' }
DESTROY (net) currentUid:0 asyncId:9 triggerId:0 active:null context:undefined
DESTROY (net) currentUid:0 asyncId:11 triggerId:0 active:null context:undefined
DESTROY (net) currentUid:0 asyncId:12 triggerId:0 active:null context:undefined
DESTROY (net) currentUid:0 asyncId:13 triggerId:0 active:null context:undefined
DESTROY (net) currentUid:0 asyncId:15 triggerId:0 active:null context:undefined
DESTROY (net) currentUid:0 asyncId:16 triggerId:0 active:null context:undefined
DESTROY (net) currentUid:0 asyncId:18 triggerId:0 active:null context:undefined
DESTROY (net) currentUid:0 asyncId:20 triggerId:0 active:null context:undefined
BEFORE MISSING CONTEXT (net) asyncId:10 currentUid:0 triggerId:0 active:null namespace._contexts:Map {
  19 => { _ns_name: 'net', id: -1, test: 'newContextValue' },
  21 => { _ns_name: 'net', id: 20, test: 'MONKEY' },
  22 => { _ns_name: 'net', id: 20, test: 'MONKEY' },
  [size]: 3 }
AFTER MISSING CONTEXT (net) asyncId:10 currentUid:0 triggerId:0 active:null context:undefined
BEFORE MISSING CONTEXT (net) asyncId:14 currentUid:0 triggerId:0 active:null namespace._contexts:Map {
  19 => { _ns_name: 'net', id: -1, test: 'newContextValue' },
  21 => { _ns_name: 'net', id: 20, test: 'MONKEY' },
  22 => { _ns_name: 'net', id: 20, test: 'MONKEY' },
  [size]: 3 }
AFTER MISSING CONTEXT (net) asyncId:14 currentUid:0 triggerId:0 active:null context:undefined
BEFORE MISSING CONTEXT (net) asyncId:17 currentUid:0 triggerId:0 active:null namespace._contexts:Map {
  19 => { _ns_name: 'net', id: -1, test: 'newContextValue' },
  21 => { _ns_name: 'net', id: 20, test: 'MONKEY' },
  22 => { _ns_name: 'net', id: 20, test: 'MONKEY' },
  [size]: 3 }
AFTER MISSING CONTEXT (net) asyncId:17 currentUid:0 triggerId:0 active:null context:undefined
DESTROY (net) currentUid:0 asyncId:10 triggerId:0 active:null context:undefined
DESTROY (net) currentUid:0 asyncId:14 triggerId:0 active:null context:undefined
DESTROY (net) currentUid:0 asyncId:17 triggerId:0 active:null context:undefined
BEFORE (net) asyncId:22 currentUid:0 triggerId:0 active:null context:{ _ns_name: 'net', id: 20, test: 'MONKEY' }
  CONTEXT-ENTER: (net) currentUid:0 triggerId:0 asyncHooksCurrentId:0 len:0 { _ns_name: 'net', id: 20, test: 'MONKEY' }
  INIT [TCPCONNECTWRAP] (net) asyncId:23 currentUid:22 triggerId:21 active:{ _ns_name: 'net', id: 20, test: 'MONKEY' } resource:[object TCPConnectWrap]
AFTER (net) asyncId:22 currentUid:0 triggerId:0 active:{ _ns_name: 'net', id: 20, test: 'MONKEY' } context:{ _ns_name: 'net', id: 20, test: 'MONKEY' }
CONTEXT-EXIT: (net) currentUid:0 triggerId:0 asyncHooksCurrentId:0 len:1 { _ns_name: 'net', id: 20, test: 'MONKEY' }
DESTROY (net) currentUid:0 asyncId:22 triggerId:0 active:null context:undefined
BEFORE (net) asyncId:23 currentUid:0 triggerId:0 active:null context:{ _ns_name: 'net', id: 20, test: 'MONKEY' }
  CONTEXT-ENTER: (net) currentUid:0 triggerId:0 asyncHooksCurrentId:0 len:0 { _ns_name: 'net', id: 20, test: 'MONKEY' }
  CONTEXT-GETTING KEY:test=MONKEY (net) currentUid:0 active:{ _ns_name: 'net', id: 20, test: 'MONKEY' }
  CONTEXT-GETTING KEY: (net) test=MONKEY currentUid:0 triggerId:21 asyncHooksCurrentId:23 len:1 active:{ _ns_name: 'net', id: 20, test: 'MONKEY' }
  INIT [WRITEWRAP] (net) asyncId:24 currentUid:23 triggerId:3 active:{ _ns_name: 'net', id: 20, test: 'MONKEY' } resource:[object WriteWrap]
  INIT [TickObject] (net) asyncId:25 currentUid:23 triggerId:23 active:{ _ns_name: 'net', id: 20, test: 'MONKEY' } resource:[object Object]
  INIT [TickObject] (net) asyncId:26 currentUid:23 triggerId:23 active:{ _ns_name: 'net', id: 20, test: 'MONKEY' } resource:[object Object]
  INIT [TickObject] (net) asyncId:27 currentUid:23 triggerId:23 active:{ _ns_name: 'net', id: 20, test: 'MONKEY' } resource:[object Object]
  INIT [TickObject] (net) asyncId:28 currentUid:23 triggerId:23 active:{ _ns_name: 'net', id: 20, test: 'MONKEY' } resource:[object Object]
  INIT [TickObject] (net) asyncId:29 currentUid:23 triggerId:23 active:{ _ns_name: 'net', id: 20, test: 'MONKEY' } resource:[object Object]
AFTER (net) asyncId:23 currentUid:0 triggerId:0 active:{ _ns_name: 'net', id: 20, test: 'MONKEY' } context:{ _ns_name: 'net', id: 20, test: 'MONKEY' }
CONTEXT-EXIT: (net) currentUid:0 triggerId:0 asyncHooksCurrentId:0 len:1 { _ns_name: 'net', id: 20, test: 'MONKEY' }
BEFORE (net) asyncId:25 currentUid:25 triggerId:23 active:null context:{ _ns_name: 'net', id: 20, test: 'MONKEY' }
  CONTEXT-ENTER: (net) currentUid:25 triggerId:23 asyncHooksCurrentId:25 len:0 { _ns_name: 'net', id: 20, test: 'MONKEY' }
AFTER (net) asyncId:25 currentUid:25 triggerId:23 active:{ _ns_name: 'net', id: 20, test: 'MONKEY' } context:{ _ns_name: 'net', id: 20, test: 'MONKEY' }
CONTEXT-EXIT: (net) currentUid:25 triggerId:23 asyncHooksCurrentId:25 len:1 { _ns_name: 'net', id: 20, test: 'MONKEY' }
BEFORE (net) asyncId:26 currentUid:26 triggerId:23 active:null context:{ _ns_name: 'net', id: 20, test: 'MONKEY' }
  CONTEXT-ENTER: (net) currentUid:26 triggerId:23 asyncHooksCurrentId:26 len:0 { _ns_name: 'net', id: 20, test: 'MONKEY' }
AFTER (net) asyncId:26 currentUid:26 triggerId:23 active:{ _ns_name: 'net', id: 20, test: 'MONKEY' } context:{ _ns_name: 'net', id: 20, test: 'MONKEY' }
CONTEXT-EXIT: (net) currentUid:26 triggerId:23 asyncHooksCurrentId:26 len:1 { _ns_name: 'net', id: 20, test: 'MONKEY' }
BEFORE (net) asyncId:27 currentUid:27 triggerId:23 active:null context:{ _ns_name: 'net', id: 20, test: 'MONKEY' }
  CONTEXT-ENTER: (net) currentUid:27 triggerId:23 asyncHooksCurrentId:27 len:0 { _ns_name: 'net', id: 20, test: 'MONKEY' }
AFTER (net) asyncId:27 currentUid:27 triggerId:23 active:{ _ns_name: 'net', id: 20, test: 'MONKEY' } context:{ _ns_name: 'net', id: 20, test: 'MONKEY' }
CONTEXT-EXIT: (net) currentUid:27 triggerId:23 asyncHooksCurrentId:27 len:1 { _ns_name: 'net', id: 20, test: 'MONKEY' }
BEFORE (net) asyncId:28 currentUid:28 triggerId:23 active:null context:{ _ns_name: 'net', id: 20, test: 'MONKEY' }
  CONTEXT-ENTER: (net) currentUid:28 triggerId:23 asyncHooksCurrentId:28 len:0 { _ns_name: 'net', id: 20, test: 'MONKEY' }
AFTER (net) asyncId:28 currentUid:28 triggerId:23 active:{ _ns_name: 'net', id: 20, test: 'MONKEY' } context:{ _ns_name: 'net', id: 20, test: 'MONKEY' }
CONTEXT-EXIT: (net) currentUid:28 triggerId:23 asyncHooksCurrentId:28 len:1 { _ns_name: 'net', id: 20, test: 'MONKEY' }
BEFORE (net) asyncId:29 currentUid:29 triggerId:23 active:null context:{ _ns_name: 'net', id: 20, test: 'MONKEY' }
  CONTEXT-ENTER: (net) currentUid:29 triggerId:23 asyncHooksCurrentId:29 len:0 { _ns_name: 'net', id: 20, test: 'MONKEY' }
AFTER (net) asyncId:29 currentUid:29 triggerId:23 active:{ _ns_name: 'net', id: 20, test: 'MONKEY' } context:{ _ns_name: 'net', id: 20, test: 'MONKEY' }
CONTEXT-EXIT: (net) currentUid:29 triggerId:23 asyncHooksCurrentId:29 len:1 { _ns_name: 'net', id: 20, test: 'MONKEY' }
INIT MISSING CONTEXT [TCPWRAP] (net) asyncId:30 currentUid:0 triggerId:0 active:null resource:[object TCP]
BEFORE (net) asyncId:19 currentUid:0 triggerId:0 active:null context:{ _ns_name: 'net', id: -1, test: 'newContextValue' }
  CONTEXT-ENTER: (net) currentUid:0 triggerId:0 asyncHooksCurrentId:0 len:0 { _ns_name: 'net', id: -1, test: 'newContextValue' }
  CONTEXT-GETTING KEY:test=newContextValue (net) currentUid:0 active:{ _ns_name: 'net', id: -1, test: 'newContextValue' }
  CONTEXT-GETTING KEY: (net) test=newContextValue currentUid:0 triggerId:1 asyncHooksCurrentId:19 len:1 active:{ _ns_name: 'net', id: -1, test: 'newContextValue' }
  INIT [WRITEWRAP] (net) asyncId:31 currentUid:19 triggerId:3 active:{ _ns_name: 'net', id: -1, test: 'newContextValue' } resource:[object WriteWrap]
  INIT [TickObject] (net) asyncId:32 currentUid:19 triggerId:19 active:{ _ns_name: 'net', id: -1, test: 'newContextValue' } resource:[object Object]
  INIT [TickObject] (net) asyncId:33 currentUid:19 triggerId:19 active:{ _ns_name: 'net', id: -1, test: 'newContextValue' } resource:[object Object]
  INIT [TickObject] (net) asyncId:34 currentUid:19 triggerId:19 active:{ _ns_name: 'net', id: -1, test: 'newContextValue' } resource:[object Object]
  INIT [TickObject] (net) asyncId:35 currentUid:19 triggerId:19 active:{ _ns_name: 'net', id: -1, test: 'newContextValue' } resource:[object Object]
AFTER (net) asyncId:19 currentUid:0 triggerId:0 active:{ _ns_name: 'net', id: -1, test: 'newContextValue' } context:{ _ns_name: 'net', id: -1, test: 'newContextValue' }
CONTEXT-EXIT: (net) currentUid:0 triggerId:0 asyncHooksCurrentId:0 len:1 { _ns_name: 'net', id: -1, test: 'newContextValue' }
BEFORE (net) asyncId:32 currentUid:32 triggerId:19 active:null context:{ _ns_name: 'net', id: -1, test: 'newContextValue' }
  CONTEXT-ENTER: (net) currentUid:32 triggerId:19 asyncHooksCurrentId:32 len:0 { _ns_name: 'net', id: -1, test: 'newContextValue' }
AFTER (net) asyncId:32 currentUid:32 triggerId:19 active:{ _ns_name: 'net', id: -1, test: 'newContextValue' } context:{ _ns_name: 'net', id: -1, test: 'newContextValue' }
CONTEXT-EXIT: (net) currentUid:32 triggerId:19 asyncHooksCurrentId:32 len:1 { _ns_name: 'net', id: -1, test: 'newContextValue' }
BEFORE (net) asyncId:33 currentUid:33 triggerId:19 active:null context:{ _ns_name: 'net', id: -1, test: 'newContextValue' }
  CONTEXT-ENTER: (net) currentUid:33 triggerId:19 asyncHooksCurrentId:33 len:0 { _ns_name: 'net', id: -1, test: 'newContextValue' }
AFTER (net) asyncId:33 currentUid:33 triggerId:19 active:{ _ns_name: 'net', id: -1, test: 'newContextValue' } context:{ _ns_name: 'net', id: -1, test: 'newContextValue' }
CONTEXT-EXIT: (net) currentUid:33 triggerId:19 asyncHooksCurrentId:33 len:1 { _ns_name: 'net', id: -1, test: 'newContextValue' }
BEFORE (net) asyncId:34 currentUid:34 triggerId:19 active:null context:{ _ns_name: 'net', id: -1, test: 'newContextValue' }
  CONTEXT-ENTER: (net) currentUid:34 triggerId:19 asyncHooksCurrentId:34 len:0 { _ns_name: 'net', id: -1, test: 'newContextValue' }
AFTER (net) asyncId:34 currentUid:34 triggerId:19 active:{ _ns_name: 'net', id: -1, test: 'newContextValue' } context:{ _ns_name: 'net', id: -1, test: 'newContextValue' }
CONTEXT-EXIT: (net) currentUid:34 triggerId:19 asyncHooksCurrentId:34 len:1 { _ns_name: 'net', id: -1, test: 'newContextValue' }
BEFORE (net) asyncId:35 currentUid:35 triggerId:19 active:null context:{ _ns_name: 'net', id: -1, test: 'newContextValue' }
  CONTEXT-ENTER: (net) currentUid:35 triggerId:19 asyncHooksCurrentId:35 len:0 { _ns_name: 'net', id: -1, test: 'newContextValue' }
AFTER (net) asyncId:35 currentUid:35 triggerId:19 active:{ _ns_name: 'net', id: -1, test: 'newContextValue' } context:{ _ns_name: 'net', id: -1, test: 'newContextValue' }
CONTEXT-EXIT: (net) currentUid:35 triggerId:19 asyncHooksCurrentId:35 len:1 { _ns_name: 'net', id: -1, test: 'newContextValue' }
DESTROY (net) currentUid:0 asyncId:25 triggerId:0 active:null context:undefined
DESTROY (net) currentUid:0 asyncId:26 triggerId:0 active:null context:undefined
DESTROY (net) currentUid:0 asyncId:27 triggerId:0 active:null context:undefined
DESTROY (net) currentUid:0 asyncId:28 triggerId:0 active:null context:undefined
DESTROY (net) currentUid:0 asyncId:29 triggerId:0 active:null context:undefined
DESTROY (net) currentUid:0 asyncId:23 triggerId:0 active:null context:undefined
DESTROY (net) currentUid:0 asyncId:32 triggerId:0 active:null context:undefined
DESTROY (net) currentUid:0 asyncId:33 triggerId:0 active:null context:undefined
DESTROY (net) currentUid:0 asyncId:34 triggerId:0 active:null context:undefined
DESTROY (net) currentUid:0 asyncId:35 triggerId:0 active:null context:undefined
BEFORE MISSING CONTEXT (net) asyncId:30 currentUid:0 triggerId:0 active:null namespace._contexts:Map {
  19 => { _ns_name: 'net', id: -1, test: 'newContextValue' },
  21 => { _ns_name: 'net', id: 20, test: 'MONKEY' },
  24 => { _ns_name: 'net', id: 20, test: 'MONKEY' },
  31 => { _ns_name: 'net', id: -1, test: 'newContextValue' },
  [size]: 4 }
  CONTEXT-GETTING KEY NO ACTIVE NS: (net) test=undefined currentUid:0 triggerId:19 asyncHooksCurrentId:30 len:0
  continuation-local state with net connection
    √ state preserved for client connection
    √ state has been mutated
AFTER MISSING CONTEXT (net) asyncId:30 currentUid:0 triggerId:0 active:null context:undefined
BEFORE MISSING CONTEXT (net) asyncId:37 currentUid:37 triggerId:30 active:null namespace._contexts:Map {
  19 => { _ns_name: 'net', id: -1, test: 'newContextValue' },
  21 => { _ns_name: 'net', id: 20, test: 'MONKEY' },
  24 => { _ns_name: 'net', id: 20, test: 'MONKEY' },
  31 => { _ns_name: 'net', id: -1, test: 'newContextValue' },
  [size]: 4 }
AFTER MISSING CONTEXT (net) asyncId:37 currentUid:37 triggerId:30 active:null context:undefined
BEFORE MISSING CONTEXT (net) asyncId:38 currentUid:38 triggerId:30 active:null namespace._contexts:Map {
  19 => { _ns_name: 'net', id: -1, test: 'newContextValue' },
  21 => { _ns_name: 'net', id: 20, test: 'MONKEY' },
  24 => { _ns_name: 'net', id: 20, test: 'MONKEY' },
  31 => { _ns_name: 'net', id: -1, test: 'newContextValue' },
  [size]: 4 }
AFTER MISSING CONTEXT (net) asyncId:38 currentUid:38 triggerId:30 active:null context:undefined
BEFORE MISSING CONTEXT (net) asyncId:39 currentUid:39 triggerId:30 active:null namespace._contexts:Map {
  19 => { _ns_name: 'net', id: -1, test: 'newContextValue' },
  21 => { _ns_name: 'net', id: 20, test: 'MONKEY' },
  24 => { _ns_name: 'net', id: 20, test: 'MONKEY' },
  31 => { _ns_name: 'net', id: -1, test: 'newContextValue' },
  [size]: 4 }
AFTER MISSING CONTEXT (net) asyncId:39 currentUid:39 triggerId:30 active:null context:undefined
BEFORE MISSING CONTEXT (net) asyncId:41 currentUid:41 triggerId:30 active:null namespace._contexts:Map {
  19 => { _ns_name: 'net', id: -1, test: 'newContextValue' },
  21 => { _ns_name: 'net', id: 20, test: 'MONKEY' },
  24 => { _ns_name: 'net', id: 20, test: 'MONKEY' },
  31 => { _ns_name: 'net', id: -1, test: 'newContextValue' },
  [size]: 4 }
AFTER MISSING CONTEXT (net) asyncId:41 currentUid:41 triggerId:30 active:null context:undefined
BEFORE MISSING CONTEXT (net) asyncId:43 currentUid:43 triggerId:30 active:null namespace._contexts:Map {
  19 => { _ns_name: 'net', id: -1, test: 'newContextValue' },
  21 => { _ns_name: 'net', id: 20, test: 'MONKEY' },
  24 => { _ns_name: 'net', id: 20, test: 'MONKEY' },
  31 => { _ns_name: 'net', id: -1, test: 'newContextValue' },
  [size]: 4 }
AFTER MISSING CONTEXT (net) asyncId:43 currentUid:43 triggerId:30 active:null context:undefined
BEFORE MISSING CONTEXT (net) asyncId:45 currentUid:45 triggerId:30 active:null namespace._contexts:Map {
  19 => { _ns_name: 'net', id: -1, test: 'newContextValue' },
  21 => { _ns_name: 'net', id: 20, test: 'MONKEY' },
  24 => { _ns_name: 'net', id: 20, test: 'MONKEY' },
  31 => { _ns_name: 'net', id: -1, test: 'newContextValue' },
  [size]: 4 }
AFTER MISSING CONTEXT (net) asyncId:45 currentUid:45 triggerId:30 active:null context:undefined
BEFORE MISSING CONTEXT (net) asyncId:47 currentUid:47 triggerId:30 active:null namespace._contexts:Map {
  19 => { _ns_name: 'net', id: -1, test: 'newContextValue' },
  21 => { _ns_name: 'net', id: 20, test: 'MONKEY' },
  24 => { _ns_name: 'net', id: 20, test: 'MONKEY' },
  31 => { _ns_name: 'net', id: -1, test: 'newContextValue' },
  [size]: 4 }
AFTER MISSING CONTEXT (net) asyncId:47 currentUid:47 triggerId:30 active:null context:undefined
BEFORE MISSING CONTEXT (net) asyncId:49 currentUid:49 triggerId:30 active:null namespace._contexts:Map {
  19 => { _ns_name: 'net', id: -1, test: 'newContextValue' },
  21 => { _ns_name: 'net', id: 20, test: 'MONKEY' },
  24 => { _ns_name: 'net', id: 20, test: 'MONKEY' },
  31 => { _ns_name: 'net', id: -1, test: 'newContextValue' },
  [size]: 4 }
AFTER MISSING CONTEXT (net) asyncId:49 currentUid:49 triggerId:30 active:null context:undefined
BEFORE MISSING CONTEXT (net) asyncId:51 currentUid:51 triggerId:30 active:null namespace._contexts:Map {
  19 => { _ns_name: 'net', id: -1, test: 'newContextValue' },
  21 => { _ns_name: 'net', id: 20, test: 'MONKEY' },
  24 => { _ns_name: 'net', id: 20, test: 'MONKEY' },
  31 => { _ns_name: 'net', id: -1, test: 'newContextValue' },
  [size]: 4 }
AFTER MISSING CONTEXT (net) asyncId:51 currentUid:51 triggerId:30 active:null context:undefined
BEFORE MISSING CONTEXT (net) asyncId:53 currentUid:53 triggerId:30 active:null namespace._contexts:Map {
  19 => { _ns_name: 'net', id: -1, test: 'newContextValue' },
  21 => { _ns_name: 'net', id: 20, test: 'MONKEY' },
  24 => { _ns_name: 'net', id: 20, test: 'MONKEY' },
  31 => { _ns_name: 'net', id: -1, test: 'newContextValue' },
  [size]: 4 }
AFTER MISSING CONTEXT (net) asyncId:53 currentUid:53 triggerId:30 active:null context:undefined
BEFORE MISSING CONTEXT (net) asyncId:55 currentUid:55 triggerId:30 active:null namespace._contexts:Map {
  19 => { _ns_name: 'net', id: -1, test: 'newContextValue' },
  21 => { _ns_name: 'net', id: 20, test: 'MONKEY' },
  24 => { _ns_name: 'net', id: 20, test: 'MONKEY' },
  31 => { _ns_name: 'net', id: -1, test: 'newContextValue' },
  [size]: 4 }
AFTER MISSING CONTEXT (net) asyncId:55 currentUid:55 triggerId:30 active:null context:undefined
BEFORE MISSING CONTEXT (net) asyncId:57 currentUid:57 triggerId:30 active:null namespace._contexts:Map {
  19 => { _ns_name: 'net', id: -1, test: 'newContextValue' },
  21 => { _ns_name: 'net', id: 20, test: 'MONKEY' },
  24 => { _ns_name: 'net', id: 20, test: 'MONKEY' },
  31 => { _ns_name: 'net', id: -1, test: 'newContextValue' },
  [size]: 4 }
AFTER MISSING CONTEXT (net) asyncId:57 currentUid:57 triggerId:30 active:null context:undefined
BEFORE MISSING CONTEXT (net) asyncId:59 currentUid:59 triggerId:30 active:null namespace._contexts:Map {
  19 => { _ns_name: 'net', id: -1, test: 'newContextValue' },
  21 => { _ns_name: 'net', id: 20, test: 'MONKEY' },
  24 => { _ns_name: 'net', id: 20, test: 'MONKEY' },
  31 => { _ns_name: 'net', id: -1, test: 'newContextValue' },
  [size]: 4 }
AFTER MISSING CONTEXT (net) asyncId:59 currentUid:59 triggerId:30 active:null context:undefined
BEFORE MISSING CONTEXT (net) asyncId:61 currentUid:61 triggerId:30 active:null namespace._contexts:Map {
  19 => { _ns_name: 'net', id: -1, test: 'newContextValue' },
  21 => { _ns_name: 'net', id: 20, test: 'MONKEY' },
  24 => { _ns_name: 'net', id: 20, test: 'MONKEY' },
  31 => { _ns_name: 'net', id: -1, test: 'newContextValue' },
  [size]: 4 }
AFTER MISSING CONTEXT (net) asyncId:61 currentUid:61 triggerId:30 active:null context:undefined
BEFORE MISSING CONTEXT (net) asyncId:63 currentUid:63 triggerId:30 active:null namespace._contexts:Map {
  19 => { _ns_name: 'net', id: -1, test: 'newContextValue' },
  21 => { _ns_name: 'net', id: 20, test: 'MONKEY' },
  24 => { _ns_name: 'net', id: 20, test: 'MONKEY' },
  31 => { _ns_name: 'net', id: -1, test: 'newContextValue' },
  [size]: 4 }
AFTER MISSING CONTEXT (net) asyncId:63 currentUid:63 triggerId:30 active:null context:undefined
BEFORE MISSING CONTEXT (net) asyncId:65 currentUid:65 triggerId:30 active:null namespace._contexts:Map {
  19 => { _ns_name: 'net', id: -1, test: 'newContextValue' },
  21 => { _ns_name: 'net', id: 20, test: 'MONKEY' },
  24 => { _ns_name: 'net', id: 20, test: 'MONKEY' },
  31 => { _ns_name: 'net', id: -1, test: 'newContextValue' },
  [size]: 4 }
AFTER MISSING CONTEXT (net) asyncId:65 currentUid:65 triggerId:30 active:null context:undefined
BEFORE MISSING CONTEXT (net) asyncId:67 currentUid:67 triggerId:30 active:null namespace._contexts:Map {
  19 => { _ns_name: 'net', id: -1, test: 'newContextValue' },
  21 => { _ns_name: 'net', id: 20, test: 'MONKEY' },
  24 => { _ns_name: 'net', id: 20, test: 'MONKEY' },
  31 => { _ns_name: 'net', id: -1, test: 'newContextValue' },
  [size]: 4 }
AFTER MISSING CONTEXT (net) asyncId:67 currentUid:67 triggerId:30 active:null context:undefined
BEFORE MISSING CONTEXT (net) asyncId:69 currentUid:69 triggerId:30 active:null namespace._contexts:Map {
  19 => { _ns_name: 'net', id: -1, test: 'newContextValue' },
  21 => { _ns_name: 'net', id: 20, test: 'MONKEY' },
  24 => { _ns_name: 'net', id: 20, test: 'MONKEY' },
  31 => { _ns_name: 'net', id: -1, test: 'newContextValue' },
  [size]: 4 }
AFTER MISSING CONTEXT (net) asyncId:69 currentUid:69 triggerId:30 active:null context:undefined
BEFORE MISSING CONTEXT (net) asyncId:70 currentUid:70 triggerId:30 active:null namespace._contexts:Map {
  19 => { _ns_name: 'net', id: -1, test: 'newContextValue' },
  21 => { _ns_name: 'net', id: 20, test: 'MONKEY' },
  24 => { _ns_name: 'net', id: 20, test: 'MONKEY' },
  31 => { _ns_name: 'net', id: -1, test: 'newContextValue' },
  [size]: 4 }
AFTER MISSING CONTEXT (net) asyncId:70 currentUid:70 triggerId:30 active:null context:undefined
BEFORE MISSING CONTEXT (net) asyncId:71 currentUid:71 triggerId:30 active:null namespace._contexts:Map {
  19 => { _ns_name: 'net', id: -1, test: 'newContextValue' },
  21 => { _ns_name: 'net', id: 20, test: 'MONKEY' },
  24 => { _ns_name: 'net', id: 20, test: 'MONKEY' },
  31 => { _ns_name: 'net', id: -1, test: 'newContextValue' },
  [size]: 4 }
AFTER MISSING CONTEXT (net) asyncId:71 currentUid:71 triggerId:30 active:null context:undefined
BEFORE (net) asyncId:24 currentUid:0 triggerId:0 active:null context:{ _ns_name: 'net', id: 20, test: 'MONKEY' }
  CONTEXT-ENTER: (net) currentUid:0 triggerId:0 asyncHooksCurrentId:0 len:0 { _ns_name: 'net', id: 20, test: 'MONKEY' }
AFTER (net) asyncId:24 currentUid:0 triggerId:0 active:{ _ns_name: 'net', id: 20, test: 'MONKEY' } context:{ _ns_name: 'net', id: 20, test: 'MONKEY' }
CONTEXT-EXIT: (net) currentUid:0 triggerId:0 asyncHooksCurrentId:0 len:1 { _ns_name: 'net', id: 20, test: 'MONKEY' }
BEFORE (net) asyncId:31 currentUid:0 triggerId:0 active:null context:{ _ns_name: 'net', id: -1, test: 'newContextValue' }
  CONTEXT-ENTER: (net) currentUid:0 triggerId:0 asyncHooksCurrentId:0 len:0 { _ns_name: 'net', id: -1, test: 'newContextValue' }
AFTER (net) asyncId:31 currentUid:0 triggerId:0 active:{ _ns_name: 'net', id: -1, test: 'newContextValue' } context:{ _ns_name: 'net', id: -1, test: 'newContextValue' }
CONTEXT-EXIT: (net) currentUid:0 triggerId:0 asyncHooksCurrentId:0 len:1 { _ns_name: 'net', id: -1, test: 'newContextValue' }
DESTROY (net) currentUid:0 asyncId:37 triggerId:0 active:null context:undefined
DESTROY (net) currentUid:0 asyncId:38 triggerId:0 active:null context:undefined
DESTROY (net) currentUid:0 asyncId:39 triggerId:0 active:null context:undefined
DESTROY (net) currentUid:0 asyncId:41 triggerId:0 active:null context:undefined
DESTROY (net) currentUid:0 asyncId:43 triggerId:0 active:null context:undefined
DESTROY (net) currentUid:0 asyncId:45 triggerId:0 active:null context:undefined
DESTROY (net) currentUid:0 asyncId:47 triggerId:0 active:null context:undefined
DESTROY (net) currentUid:0 asyncId:49 triggerId:0 active:null context:undefined
DESTROY (net) currentUid:0 asyncId:51 triggerId:0 active:null context:undefined
DESTROY (net) currentUid:0 asyncId:53 triggerId:0 active:null context:undefined
DESTROY (net) currentUid:0 asyncId:55 triggerId:0 active:null context:undefined
DESTROY (net) currentUid:0 asyncId:57 triggerId:0 active:null context:undefined
DESTROY (net) currentUid:0 asyncId:59 triggerId:0 active:null context:undefined
DESTROY (net) currentUid:0 asyncId:61 triggerId:0 active:null context:undefined
DESTROY (net) currentUid:0 asyncId:63 triggerId:0 active:null context:undefined
DESTROY (net) currentUid:0 asyncId:65 triggerId:0 active:null context:undefined
DESTROY (net) currentUid:0 asyncId:67 triggerId:0 active:null context:undefined
DESTROY (net) currentUid:0 asyncId:69 triggerId:0 active:null context:undefined
DESTROY (net) currentUid:0 asyncId:70 triggerId:0 active:null context:undefined
DESTROY (net) currentUid:0 asyncId:71 triggerId:0 active:null context:undefined
DESTROY (net) currentUid:0 asyncId:24 triggerId:0 active:null context:undefined
DESTROY (net) currentUid:0 asyncId:31 triggerId:0 active:null context:undefined
BEFORE MISSING CONTEXT (net) asyncId:72 currentUid:0 triggerId:0 active:null namespace._contexts:Map {
  19 => { _ns_name: 'net', id: -1, test: 'newContextValue' },
  21 => { _ns_name: 'net', id: 20, test: 'MONKEY' },
  [size]: 2 }
AFTER MISSING CONTEXT (net) asyncId:72 currentUid:0 triggerId:0 active:null context:undefined
BEFORE MISSING CONTEXT (net) asyncId:36 currentUid:0 triggerId:0 active:null namespace._contexts:Map {
  19 => { _ns_name: 'net', id: -1, test: 'newContextValue' },
  21 => { _ns_name: 'net', id: 20, test: 'MONKEY' },
  [size]: 2 }
AFTER MISSING CONTEXT (net) asyncId:36 currentUid:0 triggerId:0 active:null context:undefined
BEFORE MISSING CONTEXT (net) asyncId:40 currentUid:0 triggerId:0 active:null namespace._contexts:Map {
  19 => { _ns_name: 'net', id: -1, test: 'newContextValue' },
  21 => { _ns_name: 'net', id: 20, test: 'MONKEY' },
  [size]: 2 }
AFTER MISSING CONTEXT (net) asyncId:40 currentUid:0 triggerId:0 active:null context:undefined
BEFORE MISSING CONTEXT (net) asyncId:42 currentUid:0 triggerId:0 active:null namespace._contexts:Map {
  19 => { _ns_name: 'net', id: -1, test: 'newContextValue' },
  21 => { _ns_name: 'net', id: 20, test: 'MONKEY' },
  [size]: 2 }
AFTER MISSING CONTEXT (net) asyncId:42 currentUid:0 triggerId:0 active:null context:undefined
BEFORE MISSING CONTEXT (net) asyncId:44 currentUid:0 triggerId:0 active:null namespace._contexts:Map {
  19 => { _ns_name: 'net', id: -1, test: 'newContextValue' },
  21 => { _ns_name: 'net', id: 20, test: 'MONKEY' },
  [size]: 2 }
AFTER MISSING CONTEXT (net) asyncId:44 currentUid:0 triggerId:0 active:null context:undefined
BEFORE MISSING CONTEXT (net) asyncId:46 currentUid:0 triggerId:0 active:null namespace._contexts:Map {
  19 => { _ns_name: 'net', id: -1, test: 'newContextValue' },
  21 => { _ns_name: 'net', id: 20, test: 'MONKEY' },
  [size]: 2 }
AFTER MISSING CONTEXT (net) asyncId:46 currentUid:0 triggerId:0 active:null context:undefined
BEFORE MISSING CONTEXT (net) asyncId:48 currentUid:0 triggerId:0 active:null namespace._contexts:Map {
  19 => { _ns_name: 'net', id: -1, test: 'newContextValue' },
  21 => { _ns_name: 'net', id: 20, test: 'MONKEY' },
  [size]: 2 }
AFTER MISSING CONTEXT (net) asyncId:48 currentUid:0 triggerId:0 active:null context:undefined
BEFORE MISSING CONTEXT (net) asyncId:50 currentUid:0 triggerId:0 active:null namespace._contexts:Map {
  19 => { _ns_name: 'net', id: -1, test: 'newContextValue' },
  21 => { _ns_name: 'net', id: 20, test: 'MONKEY' },
  [size]: 2 }
AFTER MISSING CONTEXT (net) asyncId:50 currentUid:0 triggerId:0 active:null context:undefined
BEFORE MISSING CONTEXT (net) asyncId:52 currentUid:0 triggerId:0 active:null namespace._contexts:Map {
  19 => { _ns_name: 'net', id: -1, test: 'newContextValue' },
  21 => { _ns_name: 'net', id: 20, test: 'MONKEY' },
  [size]: 2 }
AFTER MISSING CONTEXT (net) asyncId:52 currentUid:0 triggerId:0 active:null context:undefined
BEFORE MISSING CONTEXT (net) asyncId:54 currentUid:0 triggerId:0 active:null namespace._contexts:Map {
  19 => { _ns_name: 'net', id: -1, test: 'newContextValue' },
  21 => { _ns_name: 'net', id: 20, test: 'MONKEY' },
  [size]: 2 }
AFTER MISSING CONTEXT (net) asyncId:54 currentUid:0 triggerId:0 active:null context:undefined
BEFORE MISSING CONTEXT (net) asyncId:56 currentUid:0 triggerId:0 active:null namespace._contexts:Map {
  19 => { _ns_name: 'net', id: -1, test: 'newContextValue' },
  21 => { _ns_name: 'net', id: 20, test: 'MONKEY' },
  [size]: 2 }
AFTER MISSING CONTEXT (net) asyncId:56 currentUid:0 triggerId:0 active:null context:undefined
BEFORE MISSING CONTEXT (net) asyncId:58 currentUid:0 triggerId:0 active:null namespace._contexts:Map {
  19 => { _ns_name: 'net', id: -1, test: 'newContextValue' },
  21 => { _ns_name: 'net', id: 20, test: 'MONKEY' },
  [size]: 2 }
AFTER MISSING CONTEXT (net) asyncId:58 currentUid:0 triggerId:0 active:null context:undefined
BEFORE MISSING CONTEXT (net) asyncId:60 currentUid:0 triggerId:0 active:null namespace._contexts:Map {
  19 => { _ns_name: 'net', id: -1, test: 'newContextValue' },
  21 => { _ns_name: 'net', id: 20, test: 'MONKEY' },
  [size]: 2 }
AFTER MISSING CONTEXT (net) asyncId:60 currentUid:0 triggerId:0 active:null context:undefined
BEFORE MISSING CONTEXT (net) asyncId:62 currentUid:0 triggerId:0 active:null namespace._contexts:Map {
  19 => { _ns_name: 'net', id: -1, test: 'newContextValue' },
  21 => { _ns_name: 'net', id: 20, test: 'MONKEY' },
  [size]: 2 }
AFTER MISSING CONTEXT (net) asyncId:62 currentUid:0 triggerId:0 active:null context:undefined
BEFORE MISSING CONTEXT (net) asyncId:64 currentUid:0 triggerId:0 active:null namespace._contexts:Map {
  19 => { _ns_name: 'net', id: -1, test: 'newContextValue' },
  21 => { _ns_name: 'net', id: 20, test: 'MONKEY' },
  [size]: 2 }
AFTER MISSING CONTEXT (net) asyncId:64 currentUid:0 triggerId:0 active:null context:undefined
BEFORE MISSING CONTEXT (net) asyncId:66 currentUid:0 triggerId:0 active:null namespace._contexts:Map {
  19 => { _ns_name: 'net', id: -1, test: 'newContextValue' },
  21 => { _ns_name: 'net', id: 20, test: 'MONKEY' },
  [size]: 2 }
AFTER MISSING CONTEXT (net) asyncId:66 currentUid:0 triggerId:0 active:null context:undefined
BEFORE MISSING CONTEXT (net) asyncId:68 currentUid:0 triggerId:0 active:null namespace._contexts:Map {
  19 => { _ns_name: 'net', id: -1, test: 'newContextValue' },
  21 => { _ns_name: 'net', id: 20, test: 'MONKEY' },
  [size]: 2 }
AFTER MISSING CONTEXT (net) asyncId:68 currentUid:0 triggerId:0 active:null context:undefined
BEFORE (net) asyncId:21 currentUid:0 triggerId:0 active:null context:{ _ns_name: 'net', id: 20, test: 'MONKEY' }
  CONTEXT-ENTER: (net) currentUid:0 triggerId:0 asyncHooksCurrentId:0 len:0 { _ns_name: 'net', id: 20, test: 'MONKEY' }
  CONTEXT-GETTING KEY:test=MONKEY (net) currentUid:0 active:{ _ns_name: 'net', id: 20, test: 'MONKEY' }
  CONTEXT-GETTING KEY: (net) test=MONKEY currentUid:0 triggerId:20 asyncHooksCurrentId:21 len:1 active:{ _ns_name: 'net', id: 20, test: 'MONKEY' }
  INIT [WRITEWRAP] (net) asyncId:73 currentUid:21 triggerId:3 active:{ _ns_name: 'net', id: 20, test: 'MONKEY' } resource:[object WriteWrap]
  INIT [TickObject] (net) asyncId:74 currentUid:21 triggerId:21 active:{ _ns_name: 'net', id: 20, test: 'MONKEY' } resource:[object Object]
  INIT [TickObject] (net) asyncId:75 currentUid:21 triggerId:21 active:{ _ns_name: 'net', id: 20, test: 'MONKEY' } resource:[object Object]
  INIT [TickObject] (net) asyncId:76 currentUid:21 triggerId:21 active:{ _ns_name: 'net', id: 20, test: 'MONKEY' } resource:[object Object]
  INIT [WRITEWRAP] (net) asyncId:77 currentUid:21 triggerId:3 active:{ _ns_name: 'net', id: 20, test: 'MONKEY' } resource:[object WriteWrap]
  INIT [TickObject] (net) asyncId:78 currentUid:21 triggerId:21 active:{ _ns_name: 'net', id: 20, test: 'MONKEY' } resource:[object Object]
  INIT [WRITEWRAP] (net) asyncId:79 currentUid:21 triggerId:3 active:{ _ns_name: 'net', id: 20, test: 'MONKEY' } resource:[object WriteWrap]
  INIT [TickObject] (net) asyncId:80 currentUid:21 triggerId:21 active:{ _ns_name: 'net', id: 20, test: 'MONKEY' } resource:[object Object]
  INIT [WRITEWRAP] (net) asyncId:81 currentUid:21 triggerId:3 active:{ _ns_name: 'net', id: 20, test: 'MONKEY' } resource:[object WriteWrap]
  INIT [TickObject] (net) asyncId:82 currentUid:21 triggerId:21 active:{ _ns_name: 'net', id: 20, test: 'MONKEY' } resource:[object Object]
    1) state is still preserved
    √ state preserved for client data
20, test: 'MONKEY' } resource:[object Object]
AFTER (net) asyncId:21 currentUid:0 triggerId:0 active:{ _ns_name: 'net', id: 20, test: 'MONKEY' } context:{ _ns_name: 'net', id: 20, test: 'MONKEY' }
CONTEXT-EXIT: (net) currentUid:0 triggerId:0 asyncHooksCurrentId:0 len:1 { _ns_name: 'net', id: 20, test: 'MONKEY' }
BEFORE (net) asyncId:74 currentUid:74 triggerId:21 active:null context:{ _ns_name: 'net', id: 20, test: 'MONKEY' }
  CONTEXT-ENTER: (net) currentUid:74 triggerId:21 asyncHooksCurrentId:74 len:0 { _ns_name: 'net', id: 20, test: 'MONKEY' }
AFTER (net) asyncId:74 currentUid:74 triggerId:21 active:{ _ns_name: 'net', id: 20, test: 'MONKEY' } context:{ _ns_name: 'net', id: 20, test: 'MONKEY' }
CONTEXT-EXIT: (net) currentUid:74 triggerId:21 asyncHooksCurrentId:74 len:1 { _ns_name: 'net', id: 20, test: 'MONKEY' }
BEFORE (net) asyncId:75 currentUid:75 triggerId:21 active:null context:{ _ns_name: 'net', id: 20, test: 'MONKEY' }
  CONTEXT-ENTER: (net) currentUid:75 triggerId:21 asyncHooksCurrentId:75 len:0 { _ns_name: 'net', id: 20, test: 'MONKEY' }
AFTER (net) asyncId:75 currentUid:75 triggerId:21 active:{ _ns_name: 'net', id: 20, test: 'MONKEY' } context:{ _ns_name: 'net', id: 20, test: 'MONKEY' }
CONTEXT-EXIT: (net) currentUid:75 triggerId:21 asyncHooksCurrentId:75 len:1 { _ns_name: 'net', id: 20, test: 'MONKEY' }
BEFORE (net) asyncId:76 currentUid:76 triggerId:21 active:null context:{ _ns_name: 'net', id: 20, test: 'MONKEY' }
  CONTEXT-ENTER: (net) currentUid:76 triggerId:21 asyncHooksCurrentId:76 len:0 { _ns_name: 'net', id: 20, test: 'MONKEY' }
AFTER (net) asyncId:76 currentUid:76 triggerId:21 active:{ _ns_name: 'net', id: 20, test: 'MONKEY' } context:{ _ns_name: 'net', id: 20, test: 'MONKEY' }
CONTEXT-EXIT: (net) currentUid:76 triggerId:21 asyncHooksCurrentId:76 len:1 { _ns_name: 'net', id: 20, test: 'MONKEY' }
BEFORE (net) asyncId:78 currentUid:78 triggerId:21 active:null context:{ _ns_name: 'net', id: 20, test: 'MONKEY' }
  CONTEXT-ENTER: (net) currentUid:78 triggerId:21 asyncHooksCurrentId:78 len:0 { _ns_name: 'net', id: 20, test: 'MONKEY' }
AFTER (net) asyncId:78 currentUid:78 triggerId:21 active:{ _ns_name: 'net', id: 20, test: 'MONKEY' } context:{ _ns_name: 'net', id: 20, test: 'MONKEY' }
CONTEXT-EXIT: (net) currentUid:78 triggerId:21 asyncHooksCurrentId:78 len:1 { _ns_name: 'net', id: 20, test: 'MONKEY' }
BEFORE (net) asyncId:80 currentUid:80 triggerId:21 active:null context:{ _ns_name: 'net', id: 20, test: 'MONKEY' }
  CONTEXT-ENTER: (net) currentUid:80 triggerId:21 asyncHooksCurrentId:80 len:0 { _ns_name: 'net', id: 20, test: 'MONKEY' }
AFTER (net) asyncId:80 currentUid:80 triggerId:21 active:{ _ns_name: 'net', id: 20, test: 'MONKEY' } context:{ _ns_name: 'net', id: 20, test: 'MONKEY' }
CONTEXT-EXIT: (net) currentUid:80 triggerId:21 asyncHooksCurrentId:80 len:1 { _ns_name: 'net', id: 20, test: 'MONKEY' }
BEFORE (net) asyncId:82 currentUid:82 triggerId:21 active:null context:{ _ns_name: 'net', id: 20, test: 'MONKEY' }
  CONTEXT-ENTER: (net) currentUid:82 triggerId:21 asyncHooksCurrentId:82 len:0 { _ns_name: 'net', id: 20, test: 'MONKEY' }
AFTER (net) asyncId:82 currentUid:82 triggerId:21 active:{ _ns_name: 'net', id: 20, test: 'MONKEY' } context:{ _ns_name: 'net', id: 20, test: 'MONKEY' }
CONTEXT-EXIT: (net) currentUid:82 triggerId:21 asyncHooksCurrentId:82 len:1 { _ns_name: 'net', id: 20, test: 'MONKEY' }
BEFORE (net) asyncId:84 currentUid:84 triggerId:21 active:null context:{ _ns_name: 'net', id: 20, test: 'MONKEY' }
  CONTEXT-ENTER: (net) currentUid:84 triggerId:21 asyncHooksCurrentId:84 len:0 { _ns_name: 'net', id: 20, test: 'MONKEY' }
AFTER (net) asyncId:84 currentUid:84 triggerId:21 active:{ _ns_name: 'net', id: 20, test: 'MONKEY' } context:{ _ns_name: 'net', id: 20, test: 'MONKEY' }
CONTEXT-EXIT: (net) currentUid:84 triggerId:21 asyncHooksCurrentId:84 len:1 { _ns_name: 'net', id: 20, test: 'MONKEY' }
DESTROY (net) currentUid:0 asyncId:72 triggerId:0 active:null context:undefined
DESTROY (net) currentUid:0 asyncId:36 triggerId:0 active:null context:undefined
DESTROY (net) currentUid:0 asyncId:40 triggerId:0 active:null context:undefined
DESTROY (net) currentUid:0 asyncId:42 triggerId:0 active:null context:undefined
DESTROY (net) currentUid:0 asyncId:44 triggerId:0 active:null context:undefined
DESTROY (net) currentUid:0 asyncId:46 triggerId:0 active:null context:undefined
DESTROY (net) currentUid:0 asyncId:48 triggerId:0 active:null context:undefined
DESTROY (net) currentUid:0 asyncId:50 triggerId:0 active:null context:undefined
DESTROY (net) currentUid:0 asyncId:52 triggerId:0 active:null context:undefined
DESTROY (net) currentUid:0 asyncId:54 triggerId:0 active:null context:undefined
DESTROY (net) currentUid:0 asyncId:56 triggerId:0 active:null context:undefined
DESTROY (net) currentUid:0 asyncId:58 triggerId:0 active:null context:undefined
DESTROY (net) currentUid:0 asyncId:60 triggerId:0 active:null context:undefined
DESTROY (net) currentUid:0 asyncId:62 triggerId:0 active:null context:undefined
DESTROY (net) currentUid:0 asyncId:64 triggerId:0 active:null context:undefined
DESTROY (net) currentUid:0 asyncId:66 triggerId:0 active:null context:undefined
DESTROY (net) currentUid:0 asyncId:68 triggerId:0 active:null context:undefined
DESTROY (net) currentUid:0 asyncId:74 triggerId:0 active:null context:undefined
DESTROY (net) currentUid:0 asyncId:75 triggerId:0 active:null context:undefined
DESTROY (net) currentUid:0 asyncId:76 triggerId:0 active:null context:undefined
DESTROY (net) currentUid:0 asyncId:78 triggerId:0 active:null context:undefined
DESTROY (net) currentUid:0 asyncId:80 triggerId:0 active:null context:undefined
DESTROY (net) currentUid:0 asyncId:82 triggerId:0 active:null context:undefined
DESTROY (net) currentUid:0 asyncId:84 triggerId:0 active:null context:undefined
BEFORE (net) asyncId:21 currentUid:0 triggerId:0 active:null context:{ _ns_name: 'net', id: 20, test: 'MONKEY' }
  CONTEXT-ENTER: (net) currentUid:0 triggerId:0 asyncHooksCurrentId:0 len:0 { _ns_name: 'net', id: 20, test: 'MONKEY' }
  INIT [TickObject] (net) asyncId:85 currentUid:21 triggerId:21 active:{ _ns_name: 'net', id: 20, test: 'MONKEY' } resource:[object Object]
  INIT [TickObject] (net) asyncId:86 currentUid:21 triggerId:21 active:{ _ns_name: 'net', id: 20, test: 'MONKEY' } resource:[object Object]
AFTER (net) asyncId:21 currentUid:0 triggerId:0 active:{ _ns_name: 'net', id: 20, test: 'MONKEY' } context:{ _ns_name: 'net', id: 20, test: 'MONKEY' }
CONTEXT-EXIT: (net) currentUid:0 triggerId:0 asyncHooksCurrentId:0 len:1 { _ns_name: 'net', id: 20, test: 'MONKEY' }
BEFORE (net) asyncId:85 currentUid:85 triggerId:21 active:null context:{ _ns_name: 'net', id: 20, test: 'MONKEY' }
  CONTEXT-ENTER: (net) currentUid:85 triggerId:21 asyncHooksCurrentId:85 len:0 { _ns_name: 'net', id: 20, test: 'MONKEY' }
AFTER (net) asyncId:85 currentUid:85 triggerId:21 active:{ _ns_name: 'net', id: 20, test: 'MONKEY' } context:{ _ns_name: 'net', id: 20, test: 'MONKEY' }
CONTEXT-EXIT: (net) currentUid:85 triggerId:21 asyncHooksCurrentId:85 len:1 { _ns_name: 'net', id: 20, test: 'MONKEY' }
BEFORE (net) asyncId:86 currentUid:86 triggerId:21 active:null context:{ _ns_name: 'net', id: 20, test: 'MONKEY' }
  CONTEXT-ENTER: (net) currentUid:86 triggerId:21 asyncHooksCurrentId:86 len:0 { _ns_name: 'net', id: 20, test: 'MONKEY' }
AFTER (net) asyncId:86 currentUid:86 triggerId:21 active:{ _ns_name: 'net', id: 20, test: 'MONKEY' } context:{ _ns_name: 'net', id: 20, test: 'MONKEY' }
CONTEXT-EXIT: (net) currentUid:86 triggerId:21 asyncHooksCurrentId:86 len:1 { _ns_name: 'net', id: 20, test: 'MONKEY' }
BEFORE (net) asyncId:73 currentUid:0 triggerId:0 active:null context:{ _ns_name: 'net', id: 20, test: 'MONKEY' }
  CONTEXT-ENTER: (net) currentUid:0 triggerId:0 asyncHooksCurrentId:0 len:0 { _ns_name: 'net', id: 20, test: 'MONKEY' }
AFTER (net) asyncId:73 currentUid:0 triggerId:0 active:{ _ns_name: 'net', id: 20, test: 'MONKEY' } context:{ _ns_name: 'net', id: 20, test: 'MONKEY' }
CONTEXT-EXIT: (net) currentUid:0 triggerId:0 asyncHooksCurrentId:0 len:1 { _ns_name: 'net', id: 20, test: 'MONKEY' }
BEFORE (net) asyncId:77 currentUid:0 triggerId:0 active:null context:{ _ns_name: 'net', id: 20, test: 'MONKEY' }
  CONTEXT-ENTER: (net) currentUid:0 triggerId:0 asyncHooksCurrentId:0 len:0 { _ns_name: 'net', id: 20, test: 'MONKEY' }
AFTER (net) asyncId:77 currentUid:0 triggerId:0 active:{ _ns_name: 'net', id: 20, test: 'MONKEY' } context:{ _ns_name: 'net', id: 20, test: 'MONKEY' }
CONTEXT-EXIT: (net) currentUid:0 triggerId:0 asyncHooksCurrentId:0 len:1 { _ns_name: 'net', id: 20, test: 'MONKEY' }
BEFORE (net) asyncId:79 currentUid:0 triggerId:0 active:null context:{ _ns_name: 'net', id: 20, test: 'MONKEY' }
  CONTEXT-ENTER: (net) currentUid:0 triggerId:0 asyncHooksCurrentId:0 len:0 { _ns_name: 'net', id: 20, test: 'MONKEY' }
AFTER (net) asyncId:79 currentUid:0 triggerId:0 active:{ _ns_name: 'net', id: 20, test: 'MONKEY' } context:{ _ns_name: 'net', id: 20, test: 'MONKEY' }
CONTEXT-EXIT: (net) currentUid:0 triggerId:0 asyncHooksCurrentId:0 len:1 { _ns_name: 'net', id: 20, test: 'MONKEY' }
BEFORE (net) asyncId:81 currentUid:0 triggerId:0 active:null context:{ _ns_name: 'net', id: 20, test: 'MONKEY' }
  CONTEXT-ENTER: (net) currentUid:0 triggerId:0 asyncHooksCurrentId:0 len:0 { _ns_name: 'net', id: 20, test: 'MONKEY' }
AFTER (net) asyncId:81 currentUid:0 triggerId:0 active:{ _ns_name: 'net', id: 20, test: 'MONKEY' } context:{ _ns_name: 'net', id: 20, test: 'MONKEY' }
CONTEXT-EXIT: (net) currentUid:0 triggerId:0 asyncHooksCurrentId:0 len:1 { _ns_name: 'net', id: 20, test: 'MONKEY' }
DESTROY (net) currentUid:0 asyncId:19 triggerId:0 active:null context:undefined
DESTROY (net) currentUid:0 asyncId:85 triggerId:0 active:null context:undefined
DESTROY (net) currentUid:0 asyncId:86 triggerId:0 active:null context:undefined
DESTROY (net) currentUid:0 asyncId:73 triggerId:0 active:null context:undefined
DESTROY (net) currentUid:0 asyncId:77 triggerId:0 active:null context:undefined
DESTROY (net) currentUid:0 asyncId:79 triggerId:0 active:null context:undefined
DESTROY (net) currentUid:0 asyncId:81 triggerId:0 active:null context:undefined
BEFORE (net) asyncId:21 currentUid:0 triggerId:0 active:null context:{ _ns_name: 'net', id: 20, test: 'MONKEY' }
  CONTEXT-ENTER: (net) currentUid:0 triggerId:0 asyncHooksCurrentId:0 len:0 { _ns_name: 'net', id: 20, test: 'MONKEY' }
AFTER (net) asyncId:21 currentUid:0 triggerId:0 active:{ _ns_name: 'net', id: 20, test: 'MONKEY' } context:{ _ns_name: 'net', id: 20, test: 'MONKEY' }
CONTEXT-EXIT: (net) currentUid:0 triggerId:0 asyncHooksCurrentId:0 len:1 { _ns_name: 'net', id: 20, test: 'MONKEY' }
BEFORE MISSING CONTEXT (net) asyncId:30 currentUid:0 triggerId:0 active:null namespace._contexts:Map { 21 => { _ns_name: 'net', id: 20, test: 'MONKEY' }, [size]: 1 }
AFTER MISSING CONTEXT (net) asyncId:30 currentUid:0 triggerId:0 active:null context:undefined
BEFORE MISSING CONTEXT (net) asyncId:87 currentUid:87 triggerId:30 active:null namespace._contexts:Map { 21 => { _ns_name: 'net', id: 20, test: 'MONKEY' }, [size]: 1 }
AFTER MISSING CONTEXT (net) asyncId:87 currentUid:87 triggerId:30 active:null context:undefined
BEFORE MISSING CONTEXT (net) asyncId:88 currentUid:88 triggerId:30 active:null namespace._contexts:Map { 21 => { _ns_name: 'net', id: 20, test: 'MONKEY' }, [size]: 1 }
AFTER MISSING CONTEXT (net) asyncId:88 currentUid:88 triggerId:30 active:null context:undefined
BEFORE MISSING CONTEXT (net) asyncId:89 currentUid:89 triggerId:30 active:null namespace._contexts:Map { 21 => { _ns_name: 'net', id: 20, test: 'MONKEY' }, [size]: 1 }
AFTER MISSING CONTEXT (net) asyncId:89 currentUid:89 triggerId:30 active:null context:undefined
DESTROY (net) currentUid:0 asyncId:21 triggerId:0 active:null context:undefined
DESTROY (net) currentUid:0 asyncId:87 triggerId:0 active:null context:undefined
DESTROY (net) currentUid:0 asyncId:88 triggerId:0 active:null context:undefined
DESTROY (net) currentUid:0 asyncId:89 triggerId:0 active:null context:undefined
BEFORE MISSING CONTEXT (net) asyncId:30 currentUid:0 triggerId:0 active:null namespace._contexts:Map {}
AFTER MISSING CONTEXT (net) asyncId:30 currentUid:0 triggerId:0 active:null context:undefined
DESTROY (net) currentUid:0 asyncId:30 triggerId:0 active:null context:undefined
INIT MISSING CONTEXT [WRITEWRAP] (net) asyncId:90 currentUid:0 triggerId:0 active:null resource:[object WriteWrap]
INIT MISSING CONTEXT [WRITEWRAP] (net) asyncId:91 currentUid:0 triggerId:0 active:null resource:[object WriteWrap]
INIT MISSING CONTEXT [WRITEWRAP] (net) asyncId:92 currentUid:0 triggerId:0 active:
null resource:[object WriteWrap]

  3 passing (749.964ms)
  1 failing

  1) test\tap\net-events.tap.js continuation-local state with net connection state is still preserved:
     Error: state is still preserved
      at Socket.<anonymous> (test/tap/net-events.tap.js:21:13)


Process finished with exit code 1
